{"C:\\Users\\mmart\\projects\\playwright-god\\desktop\\postcss.config.js": {"path":"C:\\Users\\mmart\\projects\\playwright-god\\desktop\\postcss.config.js","all":true,"statementMap":{"0":{"start":{"line":1,"column":0},"end":{"line":1,"column":16}},"1":{"start":{"line":2,"column":0},"end":{"line":2,"column":49}},"2":{"start":{"line":3,"column":0},"end":{"line":3,"column":2}}},"s":{"0":0,"1":0,"2":0},"branchMap":{"0":{"type":"branch","line":1,"loc":{"start":{"line":1,"column":71},"end":{"line":3,"column":2}},"locations":[{"start":{"line":1,"column":71},"end":{"line":3,"column":2}}]}},"b":{"0":[0]},"fnMap":{"0":{"name":"(empty-report)","decl":{"start":{"line":1,"column":71},"end":{"line":3,"column":2}},"loc":{"start":{"line":1,"column":71},"end":{"line":3,"column":2}},"line":1}},"f":{"0":0}}
,"C:\\Users\\mmart\\projects\\playwright-god\\desktop\\tailwind.config.ts": {"path":"C:\\Users\\mmart\\projects\\playwright-god\\desktop\\tailwind.config.ts","all":true,"statementMap":{"3":{"start":{"line":4,"column":0},"end":{"line":4,"column":24}},"4":{"start":{"line":5,"column":0},"end":{"line":5,"column":51}},"5":{"start":{"line":6,"column":0},"end":{"line":6,"column":10}},"6":{"start":{"line":7,"column":0},"end":{"line":7,"column":13}},"7":{"start":{"line":8,"column":0},"end":{"line":8,"column":15}},"9":{"start":{"line":10,"column":0},"end":{"line":10,"column":14}},"10":{"start":{"line":11,"column":0},"end":{"line":11,"column":24}},"11":{"start":{"line":12,"column":0},"end":{"line":12,"column":25}},"12":{"start":{"line":13,"column":0},"end":{"line":13,"column":25}},"13":{"start":{"line":14,"column":0},"end":{"line":14,"column":25}},"14":{"start":{"line":15,"column":0},"end":{"line":15,"column":25}},"15":{"start":{"line":16,"column":0},"end":{"line":16,"column":25}},"16":{"start":{"line":17,"column":0},"end":{"line":17,"column":25}},"17":{"start":{"line":18,"column":0},"end":{"line":18,"column":25}},"18":{"start":{"line":19,"column":0},"end":{"line":19,"column":25}},"19":{"start":{"line":20,"column":0},"end":{"line":20,"column":25}},"20":{"start":{"line":21,"column":0},"end":{"line":21,"column":10}},"21":{"start":{"line":22,"column":0},"end":{"line":22,"column":17}},"22":{"start":{"line":23,"column":0},"end":{"line":23,"column":50}},"23":{"start":{"line":24,"column":0},"end":{"line":24,"column":27}},"24":{"start":{"line":25,"column":0},"end":{"line":25,"column":41}},"25":{"start":{"line":26,"column":0},"end":{"line":26,"column":10}},"26":{"start":{"line":27,"column":0},"end":{"line":27,"column":27}},"27":{"start":{"line":28,"column":0},"end":{"line":28,"column":27}},"28":{"start":{"line":29,"column":0},"end":{"line":29,"column":26}},"29":{"start":{"line":30,"column":0},"end":{"line":30,"column":8}},"30":{"start":{"line":31,"column":0},"end":{"line":31,"column":21}},"31":{"start":{"line":32,"column":0},"end":{"line":32,"column":19}},"32":{"start":{"line":33,"column":0},"end":{"line":33,"column":19}},"33":{"start":{"line":34,"column":0},"end":{"line":34,"column":22}},"34":{"start":{"line":35,"column":0},"end":{"line":35,"column":8}},"35":{"start":{"line":36,"column":0},"end":{"line":36,"column":18}},"37":{"start":{"line":38,"column":0},"end":{"line":38,"column":13}},"38":{"start":{"line":39,"column":0},"end":{"line":39,"column":68}},"39":{"start":{"line":40,"column":0},"end":{"line":40,"column":50}},"40":{"start":{"line":41,"column":0},"end":{"line":41,"column":8}},"41":{"start":{"line":42,"column":0},"end":{"line":42,"column":19}},"42":{"start":{"line":43,"column":0},"end":{"line":43,"column":15}},"43":{"start":{"line":44,"column":0},"end":{"line":44,"column":26}},"44":{"start":{"line":45,"column":0},"end":{"line":45,"column":31}},"45":{"start":{"line":46,"column":0},"end":{"line":46,"column":26}},"46":{"start":{"line":47,"column":0},"end":{"line":47,"column":20}},"47":{"start":{"line":48,"column":0},"end":{"line":48,"column":22}},"48":{"start":{"line":49,"column":0},"end":{"line":49,"column":23}},"49":{"start":{"line":50,"column":0},"end":{"line":50,"column":10}},"50":{"start":{"line":51,"column":0},"end":{"line":51,"column":15}},"51":{"start":{"line":52,"column":0},"end":{"line":52,"column":22}},"52":{"start":{"line":53,"column":0},"end":{"line":53,"column":25}},"53":{"start":{"line":54,"column":0},"end":{"line":54,"column":18}},"54":{"start":{"line":55,"column":0},"end":{"line":55,"column":21}},"55":{"start":{"line":56,"column":0},"end":{"line":56,"column":22}},"56":{"start":{"line":57,"column":0},"end":{"line":57,"column":10}},"57":{"start":{"line":58,"column":0},"end":{"line":58,"column":8}},"58":{"start":{"line":59,"column":0},"end":{"line":59,"column":16}},"59":{"start":{"line":60,"column":0},"end":{"line":60,"column":25}},"60":{"start":{"line":61,"column":0},"end":{"line":61,"column":28}},"61":{"start":{"line":62,"column":0},"end":{"line":62,"column":8}},"62":{"start":{"line":63,"column":0},"end":{"line":63,"column":6}},"63":{"start":{"line":64,"column":0},"end":{"line":64,"column":4}},"64":{"start":{"line":65,"column":0},"end":{"line":65,"column":14}},"65":{"start":{"line":66,"column":0},"end":{"line":66,"column":2}},"67":{"start":{"line":68,"column":0},"end":{"line":68,"column":22}}},"s":{"3":0,"4":0,"5":0,"6":0,"7":0,"9":0,"10":0,"11":0,"12":0,"13":0,"14":0,"15":0,"16":0,"17":0,"18":0,"19":0,"20":0,"21":0,"22":0,"23":0,"24":0,"25":0,"26":0,"27":0,"28":0,"29":0,"30":0,"31":0,"32":0,"33":0,"34":0,"35":0,"37":0,"38":0,"39":0,"40":0,"41":0,"42":0,"43":0,"44":0,"45":0,"46":0,"47":0,"48":0,"49":0,"50":0,"51":0,"52":0,"53":0,"54":0,"55":0,"56":0,"57":0,"58":0,"59":0,"60":0,"61":0,"62":0,"63":0,"64":0,"65":0,"67":0},"branchMap":{"0":{"type":"branch","line":1,"loc":{"start":{"line":1,"column":1659},"end":{"line":68,"column":22}},"locations":[{"start":{"line":1,"column":1659},"end":{"line":68,"column":22}}]}},"b":{"0":[1]},"fnMap":{"0":{"name":"(empty-report)","decl":{"start":{"line":1,"column":1659},"end":{"line":68,"column":22}},"loc":{"start":{"line":1,"column":1659},"end":{"line":68,"column":22}},"line":1}},"f":{"0":1}}
,"C:\\Users\\mmart\\projects\\playwright-god\\desktop\\src\\App.tsx": {"path":"C:\\Users\\mmart\\projects\\playwright-god\\desktop\\src\\App.tsx","all":true,"statementMap":{"0":{"start":{"line":1,"column":0},"end":{"line":1,"column":43}},"2":{"start":{"line":3,"column":0},"end":{"line":3,"column":23}},"3":{"start":{"line":4,"column":0},"end":{"line":4,"column":19}},"4":{"start":{"line":5,"column":0},"end":{"line":5,"column":1}}},"s":{"0":0,"2":0,"3":0,"4":0},"branchMap":{"0":{"type":"branch","line":1,"loc":{"start":{"line":1,"column":94},"end":{"line":5,"column":1}},"locations":[{"start":{"line":1,"column":94},"end":{"line":5,"column":1}}]}},"b":{"0":[0]},"fnMap":{"0":{"name":"(empty-report)","decl":{"start":{"line":1,"column":94},"end":{"line":5,"column":1}},"loc":{"start":{"line":1,"column":94},"end":{"line":5,"column":1}},"line":1}},"f":{"0":0}}
,"C:\\Users\\mmart\\projects\\playwright-god\\desktop\\src\\main.tsx": {"path":"C:\\Users\\mmart\\projects\\playwright-god\\desktop\\src\\main.tsx","all":true,"statementMap":{"0":{"start":{"line":1,"column":0},"end":{"line":1,"column":26}},"1":{"start":{"line":2,"column":0},"end":{"line":2,"column":40}},"2":{"start":{"line":3,"column":0},"end":{"line":3,"column":22}},"3":{"start":{"line":4,"column":0},"end":{"line":4,"column":28}},"5":{"start":{"line":6,"column":0},"end":{"line":6,"column":61}},"6":{"start":{"line":7,"column":0},"end":{"line":7,"column":20}},"7":{"start":{"line":8,"column":0},"end":{"line":8,"column":11}},"8":{"start":{"line":9,"column":0},"end":{"line":9,"column":22}},"9":{"start":{"line":10,"column":0},"end":{"line":10,"column":2}}},"s":{"0":0,"1":0,"2":0,"3":0,"5":0,"6":0,"7":0,"8":0,"9":0},"branchMap":{"0":{"type":"branch","line":1,"loc":{"start":{"line":1,"column":215},"end":{"line":10,"column":-180}},"locations":[{"start":{"line":1,"column":215},"end":{"line":10,"column":-180}}]}},"b":{"0":[0]},"fnMap":{"0":{"name":"(empty-report)","decl":{"start":{"line":1,"column":215},"end":{"line":10,"column":-180}},"loc":{"start":{"line":1,"column":215},"end":{"line":10,"column":-180}},"line":1}},"f":{"0":0}}
,"C:\\Users\\mmart\\projects\\playwright-god\\desktop\\src-tauri\\target\\debug\\build\\playwright-god-desktop-c018b49c7adc6760\\out\\__global-api-script.js": {"path":"C:\\Users\\mmart\\projects\\playwright-god\\desktop\\src-tauri\\target\\debug\\build\\playwright-god-desktop-c018b49c7adc6760\\out\\__global-api-script.js","all":true,"statementMap":{"0":{"start":{"line":1,"column":0},"end":{"line":1,"column":730}}},"s":{"0":0},"branchMap":{"0":{"type":"branch","line":1,"loc":{"start":{"line":1,"column":0},"end":{"line":1,"column":730}},"locations":[{"start":{"line":1,"column":0},"end":{"line":1,"column":730}}]}},"b":{"0":[0]},"fnMap":{"0":{"name":"(empty-report)","decl":{"start":{"line":1,"column":0},"end":{"line":1,"column":730}},"loc":{"start":{"line":1,"column":0},"end":{"line":1,"column":730}},"line":1}},"f":{"0":0}}
,"C:\\Users\\mmart\\projects\\playwright-god\\desktop\\src-tauri\\target\\debug\\build\\playwright-god-desktop-c018b49c7adc6760\\out\\tauri-codegen-assets\\420bf42adfdc35241576baa398c375a85fa8b18461dbb58073cc8c9304c0de42.js": {"path":"C:\\Users\\mmart\\projects\\playwright-god\\desktop\\src-tauri\\target\\debug\\build\\playwright-god-desktop-c018b49c7adc6760\\out\\tauri-codegen-assets\\420bf42adfdc35241576baa398c375a85fa8b18461dbb58073cc8c9304c0de42.js","all":true,"statementMap":{"0":{"start":{"line":1,"column":0},"end":{"line":1,"column":83}},"1":{"start":{"line":2,"column":0},"end":{"line":2,"column":334}},"2":{"start":{"line":3,"column":0},"end":{"line":3,"column":148}},"3":{"start":{"line":4,"column":0},"end":{"line":4,"column":60}},"4":{"start":{"line":5,"column":0},"end":{"line":5,"column":47}},"5":{"start":{"line":6,"column":0},"end":{"line":6,"column":516}},"6":{"start":{"line":7,"column":0},"end":{"line":7,"column":248}},"7":{"start":{"line":8,"column":0},"end":{"line":8,"column":58}},"8":{"start":{"line":9,"column":0},"end":{"line":9,"column":157}},"9":{"start":{"line":10,"column":0},"end":{"line":10,"column":182}},"10":{"start":{"line":11,"column":0},"end":{"line":11,"column":517}},"11":{"start":{"line":12,"column":0},"end":{"line":12,"column":578}},"12":{"start":{"line":13,"column":0},"end":{"line":13,"column":238}},"13":{"start":{"line":14,"column":0},"end":{"line":14,"column":326}},"14":{"start":{"line":15,"column":0},"end":{"line":15,"column":64}},"15":{"start":{"line":16,"column":0},"end":{"line":16,"column":6}},"16":{"start":{"line":17,"column":0},"end":{"line":17,"column":21}},"17":{"start":{"line":18,"column":0},"end":{"line":18,"column":304}},"18":{"start":{"line":19,"column":0},"end":{"line":19,"column":23}},"19":{"start":{"line":20,"column":0},"end":{"line":20,"column":126}},"20":{"start":{"line":21,"column":0},"end":{"line":21,"column":469}},"21":{"start":{"line":22,"column":0},"end":{"line":22,"column":791}},"22":{"start":{"line":23,"column":0},"end":{"line":23,"column":130}},"23":{"start":{"line":24,"column":0},"end":{"line":24,"column":416}},"24":{"start":{"line":25,"column":0},"end":{"line":25,"column":697}},"25":{"start":{"line":26,"column":0},"end":{"line":26,"column":1103}},"26":{"start":{"line":27,"column":0},"end":{"line":27,"column":119}},"27":{"start":{"line":28,"column":0},"end":{"line":28,"column":142}},"28":{"start":{"line":29,"column":0},"end":{"line":29,"column":206}},"29":{"start":{"line":30,"column":0},"end":{"line":30,"column":100}},"30":{"start":{"line":31,"column":0},"end":{"line":31,"column":203}},"31":{"start":{"line":32,"column":0},"end":{"line":32,"column":492}},"32":{"start":{"line":33,"column":0},"end":{"line":33,"column":115}},"33":{"start":{"line":34,"column":0},"end":{"line":34,"column":51}},"34":{"start":{"line":35,"column":0},"end":{"line":35,"column":325}},"35":{"start":{"line":36,"column":0},"end":{"line":36,"column":248}},"36":{"start":{"line":37,"column":0},"end":{"line":37,"column":20}},"37":{"start":{"line":38,"column":0},"end":{"line":38,"column":28}},"38":{"start":{"line":39,"column":0},"end":{"line":39,"column":270}},"39":{"start":{"line":40,"column":0},"end":{"line":40,"column":127}},"40":{"start":{"line":41,"column":0},"end":{"line":41,"column":672}},"41":{"start":{"line":42,"column":0},"end":{"line":42,"column":145}},"42":{"start":{"line":43,"column":0},"end":{"line":43,"column":314}},"43":{"start":{"line":44,"column":0},"end":{"line":44,"column":91}},"44":{"start":{"line":45,"column":0},"end":{"line":45,"column":994}},"45":{"start":{"line":46,"column":0},"end":{"line":46,"column":148}},"46":{"start":{"line":47,"column":0},"end":{"line":47,"column":123}},"47":{"start":{"line":48,"column":0},"end":{"line":48,"column":102}},"48":{"start":{"line":49,"column":0},"end":{"line":49,"column":267}},"49":{"start":{"line":50,"column":0},"end":{"line":50,"column":76}},"50":{"start":{"line":51,"column":0},"end":{"line":51,"column":99}},"51":{"start":{"line":52,"column":0},"end":{"line":52,"column":26}},"52":{"start":{"line":53,"column":0},"end":{"line":53,"column":89}},"53":{"start":{"line":54,"column":0},"end":{"line":54,"column":3}},"54":{"start":{"line":55,"column":0},"end":{"line":55,"column":13}},"55":{"start":{"line":56,"column":0},"end":{"line":56,"column":313}},"56":{"start":{"line":57,"column":0},"end":{"line":57,"column":462}},"57":{"start":{"line":58,"column":0},"end":{"line":58,"column":13}},"58":{"start":{"line":59,"column":0},"end":{"line":59,"column":53}},"59":{"start":{"line":60,"column":0},"end":{"line":60,"column":155}},"60":{"start":{"line":61,"column":0},"end":{"line":61,"column":23}},"61":{"start":{"line":62,"column":0},"end":{"line":62,"column":434}},"62":{"start":{"line":63,"column":0},"end":{"line":63,"column":46}},"63":{"start":{"line":64,"column":0},"end":{"line":64,"column":480}},"64":{"start":{"line":65,"column":0},"end":{"line":65,"column":56}},"65":{"start":{"line":66,"column":0},"end":{"line":66,"column":22}},"66":{"start":{"line":67,"column":0},"end":{"line":67,"column":1003}},"67":{"start":{"line":68,"column":0},"end":{"line":68,"column":461}},"68":{"start":{"line":69,"column":0},"end":{"line":69,"column":101}},"69":{"start":{"line":70,"column":0},"end":{"line":70,"column":259}},"70":{"start":{"line":71,"column":0},"end":{"line":71,"column":149}},"71":{"start":{"line":72,"column":0},"end":{"line":72,"column":135}},"72":{"start":{"line":73,"column":0},"end":{"line":73,"column":463}},"73":{"start":{"line":74,"column":0},"end":{"line":74,"column":1831}},"74":{"start":{"line":75,"column":0},"end":{"line":75,"column":180}},"75":{"start":{"line":76,"column":0},"end":{"line":76,"column":343}},"76":{"start":{"line":77,"column":0},"end":{"line":77,"column":345}},"77":{"start":{"line":78,"column":0},"end":{"line":78,"column":236}},"78":{"start":{"line":79,"column":0},"end":{"line":79,"column":19}},"79":{"start":{"line":80,"column":0},"end":{"line":80,"column":482}},"80":{"start":{"line":81,"column":0},"end":{"line":81,"column":416}},"81":{"start":{"line":82,"column":0},"end":{"line":82,"column":789}},"82":{"start":{"line":83,"column":0},"end":{"line":83,"column":102}},"83":{"start":{"line":84,"column":0},"end":{"line":84,"column":87}},"84":{"start":{"line":85,"column":0},"end":{"line":85,"column":233}},"85":{"start":{"line":86,"column":0},"end":{"line":86,"column":110}},"86":{"start":{"line":87,"column":0},"end":{"line":87,"column":63}},"87":{"start":{"line":88,"column":0},"end":{"line":88,"column":106}},"88":{"start":{"line":89,"column":0},"end":{"line":89,"column":33}},"89":{"start":{"line":90,"column":0},"end":{"line":90,"column":27}},"90":{"start":{"line":91,"column":0},"end":{"line":91,"column":150}},"91":{"start":{"line":92,"column":0},"end":{"line":92,"column":2}},"92":{"start":{"line":93,"column":0},"end":{"line":93,"column":228}},"93":{"start":{"line":94,"column":0},"end":{"line":94,"column":69}},"94":{"start":{"line":95,"column":0},"end":{"line":95,"column":210}},"95":{"start":{"line":96,"column":0},"end":{"line":96,"column":467}},"96":{"start":{"line":97,"column":0},"end":{"line":97,"column":534}},"97":{"start":{"line":98,"column":0},"end":{"line":98,"column":116}},"98":{"start":{"line":99,"column":0},"end":{"line":99,"column":24}},"99":{"start":{"line":100,"column":0},"end":{"line":100,"column":431}},"100":{"start":{"line":101,"column":0},"end":{"line":101,"column":127}},"101":{"start":{"line":102,"column":0},"end":{"line":102,"column":283}},"102":{"start":{"line":103,"column":0},"end":{"line":103,"column":786}},"103":{"start":{"line":104,"column":0},"end":{"line":104,"column":43}},"104":{"start":{"line":105,"column":0},"end":{"line":105,"column":469}},"105":{"start":{"line":106,"column":0},"end":{"line":106,"column":9}},"106":{"start":{"line":107,"column":0},"end":{"line":107,"column":45}},"107":{"start":{"line":108,"column":0},"end":{"line":108,"column":87}},"108":{"start":{"line":109,"column":0},"end":{"line":109,"column":379}},"109":{"start":{"line":110,"column":0},"end":{"line":110,"column":156}},"110":{"start":{"line":111,"column":0},"end":{"line":111,"column":175}},"111":{"start":{"line":112,"column":0},"end":{"line":112,"column":164}},"112":{"start":{"line":113,"column":0},"end":{"line":113,"column":252}},"113":{"start":{"line":114,"column":0},"end":{"line":114,"column":47}},"114":{"start":{"line":115,"column":0},"end":{"line":115,"column":103}},"115":{"start":{"line":116,"column":0},"end":{"line":116,"column":546}},"116":{"start":{"line":117,"column":0},"end":{"line":117,"column":346}},"117":{"start":{"line":118,"column":0},"end":{"line":118,"column":439}},"118":{"start":{"line":119,"column":0},"end":{"line":119,"column":90}},"119":{"start":{"line":120,"column":0},"end":{"line":120,"column":486}},"120":{"start":{"line":121,"column":0},"end":{"line":121,"column":15}},"121":{"start":{"line":122,"column":0},"end":{"line":122,"column":186}},"122":{"start":{"line":123,"column":0},"end":{"line":123,"column":28}},"123":{"start":{"line":124,"column":0},"end":{"line":124,"column":271}},"124":{"start":{"line":125,"column":0},"end":{"line":125,"column":1150}},"125":{"start":{"line":126,"column":0},"end":{"line":126,"column":353}},"126":{"start":{"line":127,"column":0},"end":{"line":127,"column":501}},"127":{"start":{"line":128,"column":0},"end":{"line":128,"column":0}},"128":{"start":{"line":129,"column":0},"end":{"line":129,"column":486}},"129":{"start":{"line":130,"column":0},"end":{"line":130,"column":64}},"130":{"start":{"line":131,"column":0},"end":{"line":131,"column":640}},"131":{"start":{"line":132,"column":0},"end":{"line":132,"column":22}},"132":{"start":{"line":133,"column":0},"end":{"line":133,"column":174}},"133":{"start":{"line":134,"column":0},"end":{"line":134,"column":303}},"134":{"start":{"line":135,"column":0},"end":{"line":135,"column":811}},"135":{"start":{"line":136,"column":0},"end":{"line":136,"column":11}},"136":{"start":{"line":137,"column":0},"end":{"line":137,"column":251}},"137":{"start":{"line":138,"column":0},"end":{"line":138,"column":218}},"138":{"start":{"line":139,"column":0},"end":{"line":139,"column":595}},"139":{"start":{"line":140,"column":0},"end":{"line":140,"column":202}},"140":{"start":{"line":141,"column":0},"end":{"line":141,"column":48}},"141":{"start":{"line":142,"column":0},"end":{"line":142,"column":392}},"142":{"start":{"line":143,"column":0},"end":{"line":143,"column":65}},"143":{"start":{"line":144,"column":0},"end":{"line":144,"column":15}},"144":{"start":{"line":145,"column":0},"end":{"line":145,"column":38}},"145":{"start":{"line":146,"column":0},"end":{"line":146,"column":95}},"146":{"start":{"line":147,"column":0},"end":{"line":147,"column":602}},"147":{"start":{"line":148,"column":0},"end":{"line":148,"column":292}},"148":{"start":{"line":149,"column":0},"end":{"line":149,"column":116}},"149":{"start":{"line":150,"column":0},"end":{"line":150,"column":203}},"150":{"start":{"line":151,"column":0},"end":{"line":151,"column":243}},"151":{"start":{"line":152,"column":0},"end":{"line":152,"column":90}},"152":{"start":{"line":153,"column":0},"end":{"line":153,"column":127}},"153":{"start":{"line":154,"column":0},"end":{"line":154,"column":68}},"154":{"start":{"line":155,"column":0},"end":{"line":155,"column":651}},"155":{"start":{"line":156,"column":0},"end":{"line":156,"column":14}},"156":{"start":{"line":157,"column":0},"end":{"line":157,"column":101}},"157":{"start":{"line":158,"column":0},"end":{"line":158,"column":92}},"158":{"start":{"line":159,"column":0},"end":{"line":159,"column":14}},"159":{"start":{"line":160,"column":0},"end":{"line":160,"column":107}},"160":{"start":{"line":161,"column":0},"end":{"line":161,"column":132}},"161":{"start":{"line":162,"column":0},"end":{"line":162,"column":85}},"162":{"start":{"line":163,"column":0},"end":{"line":163,"column":20}},"163":{"start":{"line":164,"column":0},"end":{"line":164,"column":25}},"164":{"start":{"line":165,"column":0},"end":{"line":165,"column":476}},"165":{"start":{"line":166,"column":0},"end":{"line":166,"column":42}},"166":{"start":{"line":167,"column":0},"end":{"line":167,"column":374}},"167":{"start":{"line":168,"column":0},"end":{"line":168,"column":347}},"168":{"start":{"line":169,"column":0},"end":{"line":169,"column":316}},"169":{"start":{"line":170,"column":0},"end":{"line":170,"column":164}},"170":{"start":{"line":171,"column":0},"end":{"line":171,"column":384}},"171":{"start":{"line":172,"column":0},"end":{"line":172,"column":205}},"172":{"start":{"line":173,"column":0},"end":{"line":173,"column":529}},"173":{"start":{"line":174,"column":0},"end":{"line":174,"column":70}},"174":{"start":{"line":175,"column":0},"end":{"line":175,"column":270}},"175":{"start":{"line":176,"column":0},"end":{"line":176,"column":132}},"176":{"start":{"line":177,"column":0},"end":{"line":177,"column":55}},"177":{"start":{"line":178,"column":0},"end":{"line":178,"column":81}},"178":{"start":{"line":179,"column":0},"end":{"line":179,"column":2}},"179":{"start":{"line":180,"column":0},"end":{"line":180,"column":43}},"180":{"start":{"line":181,"column":0},"end":{"line":181,"column":203}},"181":{"start":{"line":182,"column":0},"end":{"line":182,"column":140}},"182":{"start":{"line":183,"column":0},"end":{"line":183,"column":21}},"183":{"start":{"line":184,"column":0},"end":{"line":184,"column":212}},"184":{"start":{"line":185,"column":0},"end":{"line":185,"column":731}},"185":{"start":{"line":186,"column":0},"end":{"line":186,"column":146}},"186":{"start":{"line":187,"column":0},"end":{"line":187,"column":209}},"187":{"start":{"line":188,"column":0},"end":{"line":188,"column":734}},"188":{"start":{"line":189,"column":0},"end":{"line":189,"column":120}},"189":{"start":{"line":190,"column":0},"end":{"line":190,"column":142}},"190":{"start":{"line":191,"column":0},"end":{"line":191,"column":34}},"191":{"start":{"line":192,"column":0},"end":{"line":192,"column":91}},"192":{"start":{"line":193,"column":0},"end":{"line":193,"column":219}},"193":{"start":{"line":194,"column":0},"end":{"line":194,"column":6}},"194":{"start":{"line":195,"column":0},"end":{"line":195,"column":0}},"195":{"start":{"line":196,"column":0},"end":{"line":196,"column":35}},"196":{"start":{"line":197,"column":0},"end":{"line":197,"column":39}},"197":{"start":{"line":198,"column":0},"end":{"line":198,"column":18}},"198":{"start":{"line":199,"column":0},"end":{"line":199,"column":272}},"199":{"start":{"line":200,"column":0},"end":{"line":200,"column":139}},"200":{"start":{"line":201,"column":0},"end":{"line":201,"column":56}},"201":{"start":{"line":202,"column":0},"end":{"line":202,"column":947}},"202":{"start":{"line":203,"column":0},"end":{"line":203,"column":134}},"203":{"start":{"line":204,"column":0},"end":{"line":204,"column":140}},"204":{"start":{"line":205,"column":0},"end":{"line":205,"column":784}},"205":{"start":{"line":206,"column":0},"end":{"line":206,"column":249}},"206":{"start":{"line":207,"column":0},"end":{"line":207,"column":9}},"207":{"start":{"line":208,"column":0},"end":{"line":208,"column":55}},"208":{"start":{"line":209,"column":0},"end":{"line":209,"column":111}},"209":{"start":{"line":210,"column":0},"end":{"line":210,"column":0}},"210":{"start":{"line":211,"column":0},"end":{"line":211,"column":70}},"211":{"start":{"line":212,"column":0},"end":{"line":212,"column":227}},"212":{"start":{"line":213,"column":0},"end":{"line":213,"column":80}},"213":{"start":{"line":214,"column":0},"end":{"line":214,"column":344}},"214":{"start":{"line":215,"column":0},"end":{"line":215,"column":82}},"215":{"start":{"line":216,"column":0},"end":{"line":216,"column":27}},"216":{"start":{"line":217,"column":0},"end":{"line":217,"column":30}},"217":{"start":{"line":218,"column":0},"end":{"line":218,"column":310}},"218":{"start":{"line":219,"column":0},"end":{"line":219,"column":365}},"219":{"start":{"line":220,"column":0},"end":{"line":220,"column":232}},"220":{"start":{"line":221,"column":0},"end":{"line":221,"column":130}},"221":{"start":{"line":222,"column":0},"end":{"line":222,"column":42}},"222":{"start":{"line":223,"column":0},"end":{"line":223,"column":38}},"223":{"start":{"line":224,"column":0},"end":{"line":224,"column":51}},"224":{"start":{"line":225,"column":0},"end":{"line":225,"column":29}},"225":{"start":{"line":226,"column":0},"end":{"line":226,"column":159}},"226":{"start":{"line":227,"column":0},"end":{"line":227,"column":392}},"227":{"start":{"line":228,"column":0},"end":{"line":228,"column":413}},"228":{"start":{"line":229,"column":0},"end":{"line":229,"column":399}},"229":{"start":{"line":230,"column":0},"end":{"line":230,"column":511}},"230":{"start":{"line":231,"column":0},"end":{"line":231,"column":71}},"231":{"start":{"line":232,"column":0},"end":{"line":232,"column":208}},"232":{"start":{"line":233,"column":0},"end":{"line":233,"column":234}},"233":{"start":{"line":234,"column":0},"end":{"line":234,"column":776}},"234":{"start":{"line":235,"column":0},"end":{"line":235,"column":77}},"235":{"start":{"line":236,"column":0},"end":{"line":236,"column":40}},"236":{"start":{"line":237,"column":0},"end":{"line":237,"column":96}},"237":{"start":{"line":238,"column":0},"end":{"line":238,"column":112}},"238":{"start":{"line":239,"column":0},"end":{"line":239,"column":13}},"239":{"start":{"line":240,"column":0},"end":{"line":240,"column":168}},"240":{"start":{"line":241,"column":0},"end":{"line":241,"column":80}},"241":{"start":{"line":242,"column":0},"end":{"line":242,"column":1087}},"242":{"start":{"line":243,"column":0},"end":{"line":243,"column":1013}},"243":{"start":{"line":244,"column":0},"end":{"line":244,"column":250}},"244":{"start":{"line":245,"column":0},"end":{"line":245,"column":132}},"245":{"start":{"line":246,"column":0},"end":{"line":246,"column":710}},"246":{"start":{"line":247,"column":0},"end":{"line":247,"column":57}},"247":{"start":{"line":248,"column":0},"end":{"line":248,"column":17}},"248":{"start":{"line":249,"column":0},"end":{"line":249,"column":117}},"249":{"start":{"line":250,"column":0},"end":{"line":250,"column":146}},"250":{"start":{"line":251,"column":0},"end":{"line":251,"column":96}},"251":{"start":{"line":252,"column":0},"end":{"line":252,"column":458}},"252":{"start":{"line":253,"column":0},"end":{"line":253,"column":34}},"253":{"start":{"line":254,"column":0},"end":{"line":254,"column":140}},"254":{"start":{"line":255,"column":0},"end":{"line":255,"column":361}},"255":{"start":{"line":256,"column":0},"end":{"line":256,"column":161}},"256":{"start":{"line":257,"column":0},"end":{"line":257,"column":146}},"257":{"start":{"line":258,"column":0},"end":{"line":258,"column":1276}},"258":{"start":{"line":259,"column":0},"end":{"line":259,"column":322}},"259":{"start":{"line":260,"column":0},"end":{"line":260,"column":63}},"260":{"start":{"line":261,"column":0},"end":{"line":261,"column":267}},"261":{"start":{"line":262,"column":0},"end":{"line":262,"column":334}},"262":{"start":{"line":263,"column":0},"end":{"line":263,"column":528}},"263":{"start":{"line":264,"column":0},"end":{"line":264,"column":416}},"264":{"start":{"line":265,"column":0},"end":{"line":265,"column":14}},"265":{"start":{"line":266,"column":0},"end":{"line":266,"column":198}},"266":{"start":{"line":267,"column":0},"end":{"line":267,"column":2145}},"267":{"start":{"line":268,"column":0},"end":{"line":268,"column":549}},"268":{"start":{"line":269,"column":0},"end":{"line":269,"column":45}},"269":{"start":{"line":270,"column":0},"end":{"line":270,"column":40}},"270":{"start":{"line":271,"column":0},"end":{"line":271,"column":367}},"271":{"start":{"line":272,"column":0},"end":{"line":272,"column":40}},"272":{"start":{"line":273,"column":0},"end":{"line":273,"column":403}},"273":{"start":{"line":274,"column":0},"end":{"line":274,"column":577}},"274":{"start":{"line":275,"column":0},"end":{"line":275,"column":70}},"275":{"start":{"line":276,"column":0},"end":{"line":276,"column":259}},"276":{"start":{"line":277,"column":0},"end":{"line":277,"column":258}},"277":{"start":{"line":278,"column":0},"end":{"line":278,"column":1099}},"278":{"start":{"line":279,"column":0},"end":{"line":279,"column":945}},"279":{"start":{"line":280,"column":0},"end":{"line":280,"column":234}},"280":{"start":{"line":281,"column":0},"end":{"line":281,"column":37}},"281":{"start":{"line":282,"column":0},"end":{"line":282,"column":69}},"282":{"start":{"line":283,"column":0},"end":{"line":283,"column":685}},"283":{"start":{"line":284,"column":0},"end":{"line":284,"column":349}},"284":{"start":{"line":285,"column":0},"end":{"line":285,"column":220}},"285":{"start":{"line":286,"column":0},"end":{"line":286,"column":203}},"286":{"start":{"line":287,"column":0},"end":{"line":287,"column":4}},"287":{"start":{"line":288,"column":0},"end":{"line":288,"column":115}},"288":{"start":{"line":289,"column":0},"end":{"line":289,"column":122}},"289":{"start":{"line":290,"column":0},"end":{"line":290,"column":100}},"290":{"start":{"line":291,"column":0},"end":{"line":291,"column":164}},"291":{"start":{"line":292,"column":0},"end":{"line":292,"column":115}},"292":{"start":{"line":293,"column":0},"end":{"line":293,"column":696}},"293":{"start":{"line":294,"column":0},"end":{"line":294,"column":13}},"294":{"start":{"line":295,"column":0},"end":{"line":295,"column":89}},"295":{"start":{"line":296,"column":0},"end":{"line":296,"column":64}},"296":{"start":{"line":297,"column":0},"end":{"line":297,"column":76}},"297":{"start":{"line":298,"column":0},"end":{"line":298,"column":103}},"298":{"start":{"line":299,"column":0},"end":{"line":299,"column":117}},"299":{"start":{"line":300,"column":0},"end":{"line":300,"column":154}},"300":{"start":{"line":301,"column":0},"end":{"line":301,"column":159}},"301":{"start":{"line":302,"column":0},"end":{"line":302,"column":241}},"302":{"start":{"line":303,"column":0},"end":{"line":303,"column":77}},"303":{"start":{"line":304,"column":0},"end":{"line":304,"column":138}},"304":{"start":{"line":305,"column":0},"end":{"line":305,"column":137}},"305":{"start":{"line":306,"column":0},"end":{"line":306,"column":631}},"306":{"start":{"line":307,"column":0},"end":{"line":307,"column":2}},"307":{"start":{"line":308,"column":0},"end":{"line":308,"column":119}},"308":{"start":{"line":309,"column":0},"end":{"line":309,"column":16}},"309":{"start":{"line":310,"column":0},"end":{"line":310,"column":82}},"310":{"start":{"line":311,"column":0},"end":{"line":311,"column":167}},"311":{"start":{"line":312,"column":0},"end":{"line":312,"column":540}},"312":{"start":{"line":313,"column":0},"end":{"line":313,"column":164}},"313":{"start":{"line":314,"column":0},"end":{"line":314,"column":176}},"314":{"start":{"line":315,"column":0},"end":{"line":315,"column":177}},"315":{"start":{"line":316,"column":0},"end":{"line":316,"column":661}},"316":{"start":{"line":317,"column":0},"end":{"line":317,"column":61}},"317":{"start":{"line":318,"column":0},"end":{"line":318,"column":413}},"318":{"start":{"line":319,"column":0},"end":{"line":319,"column":290}},"319":{"start":{"line":320,"column":0},"end":{"line":320,"column":228}},"320":{"start":{"line":321,"column":0},"end":{"line":321,"column":486}},"321":{"start":{"line":322,"column":0},"end":{"line":322,"column":377}},"322":{"start":{"line":323,"column":0},"end":{"line":323,"column":77}},"323":{"start":{"line":324,"column":0},"end":{"line":324,"column":114}},"324":{"start":{"line":325,"column":0},"end":{"line":325,"column":201}},"325":{"start":{"line":326,"column":0},"end":{"line":326,"column":42}},"326":{"start":{"line":327,"column":0},"end":{"line":327,"column":111}},"327":{"start":{"line":328,"column":0},"end":{"line":328,"column":118}},"328":{"start":{"line":329,"column":0},"end":{"line":329,"column":324}},"329":{"start":{"line":330,"column":0},"end":{"line":330,"column":104}},"330":{"start":{"line":331,"column":0},"end":{"line":331,"column":6}},"331":{"start":{"line":332,"column":0},"end":{"line":332,"column":200}},"332":{"start":{"line":333,"column":0},"end":{"line":333,"column":74}},"333":{"start":{"line":334,"column":0},"end":{"line":334,"column":802}},"334":{"start":{"line":335,"column":0},"end":{"line":335,"column":91}},"335":{"start":{"line":336,"column":0},"end":{"line":336,"column":823}},"336":{"start":{"line":337,"column":0},"end":{"line":337,"column":45}},"337":{"start":{"line":338,"column":0},"end":{"line":338,"column":187}},"338":{"start":{"line":339,"column":0},"end":{"line":339,"column":605}},"339":{"start":{"line":340,"column":0},"end":{"line":340,"column":397}},"340":{"start":{"line":341,"column":0},"end":{"line":341,"column":257}},"341":{"start":{"line":342,"column":0},"end":{"line":342,"column":410}},"342":{"start":{"line":343,"column":0},"end":{"line":343,"column":120}},"343":{"start":{"line":344,"column":0},"end":{"line":344,"column":256}},"344":{"start":{"line":345,"column":0},"end":{"line":345,"column":95}},"345":{"start":{"line":346,"column":0},"end":{"line":346,"column":145}},"346":{"start":{"line":347,"column":0},"end":{"line":347,"column":194}},"347":{"start":{"line":348,"column":0},"end":{"line":348,"column":223}},"348":{"start":{"line":349,"column":0},"end":{"line":349,"column":497}},"349":{"start":{"line":350,"column":0},"end":{"line":350,"column":10}},"350":{"start":{"line":351,"column":0},"end":{"line":351,"column":45}},"351":{"start":{"line":352,"column":0},"end":{"line":352,"column":44}},"352":{"start":{"line":353,"column":0},"end":{"line":353,"column":106}},"353":{"start":{"line":354,"column":0},"end":{"line":354,"column":53}},"354":{"start":{"line":355,"column":0},"end":{"line":355,"column":325}},"355":{"start":{"line":356,"column":0},"end":{"line":356,"column":1673}},"356":{"start":{"line":357,"column":0},"end":{"line":357,"column":23}},"357":{"start":{"line":358,"column":0},"end":{"line":358,"column":248}},"358":{"start":{"line":359,"column":0},"end":{"line":359,"column":2}},"359":{"start":{"line":360,"column":0},"end":{"line":360,"column":27}},"360":{"start":{"line":361,"column":0},"end":{"line":361,"column":414}},"361":{"start":{"line":362,"column":0},"end":{"line":362,"column":559}},"362":{"start":{"line":363,"column":0},"end":{"line":363,"column":111}},"363":{"start":{"line":364,"column":0},"end":{"line":364,"column":158}},"364":{"start":{"line":365,"column":0},"end":{"line":365,"column":2089}},"365":{"start":{"line":366,"column":0},"end":{"line":366,"column":21}},"366":{"start":{"line":367,"column":0},"end":{"line":367,"column":443}},"367":{"start":{"line":368,"column":0},"end":{"line":368,"column":226}},"368":{"start":{"line":369,"column":0},"end":{"line":369,"column":108}},"369":{"start":{"line":370,"column":0},"end":{"line":370,"column":336}},"370":{"start":{"line":371,"column":0},"end":{"line":371,"column":166}},"371":{"start":{"line":372,"column":0},"end":{"line":372,"column":55}},"372":{"start":{"line":373,"column":0},"end":{"line":373,"column":211}},"373":{"start":{"line":374,"column":0},"end":{"line":374,"column":232}},"374":{"start":{"line":375,"column":0},"end":{"line":375,"column":100}},"375":{"start":{"line":376,"column":0},"end":{"line":376,"column":31}},"376":{"start":{"line":377,"column":0},"end":{"line":377,"column":69}},"377":{"start":{"line":378,"column":0},"end":{"line":378,"column":276}},"378":{"start":{"line":379,"column":0},"end":{"line":379,"column":14}},"379":{"start":{"line":380,"column":0},"end":{"line":380,"column":412}},"380":{"start":{"line":381,"column":0},"end":{"line":381,"column":0}},"381":{"start":{"line":382,"column":0},"end":{"line":382,"column":93}},"382":{"start":{"line":383,"column":0},"end":{"line":383,"column":329}},"383":{"start":{"line":384,"column":0},"end":{"line":384,"column":190}},"384":{"start":{"line":385,"column":0},"end":{"line":385,"column":84}},"385":{"start":{"line":386,"column":0},"end":{"line":386,"column":0}},"386":{"start":{"line":387,"column":0},"end":{"line":387,"column":34}},"387":{"start":{"line":388,"column":0},"end":{"line":388,"column":543}},"388":{"start":{"line":389,"column":0},"end":{"line":389,"column":55}},"389":{"start":{"line":390,"column":0},"end":{"line":390,"column":56}},"390":{"start":{"line":391,"column":0},"end":{"line":391,"column":45}},"391":{"start":{"line":392,"column":0},"end":{"line":392,"column":632}},"392":{"start":{"line":393,"column":0},"end":{"line":393,"column":305}},"393":{"start":{"line":394,"column":0},"end":{"line":394,"column":142}},"394":{"start":{"line":395,"column":0},"end":{"line":395,"column":44}},"395":{"start":{"line":396,"column":0},"end":{"line":396,"column":34}},"396":{"start":{"line":397,"column":0},"end":{"line":397,"column":75}},"397":{"start":{"line":398,"column":0},"end":{"line":398,"column":62}},"398":{"start":{"line":399,"column":0},"end":{"line":399,"column":457}},"399":{"start":{"line":400,"column":0},"end":{"line":400,"column":62}},"400":{"start":{"line":401,"column":0},"end":{"line":401,"column":4}},"401":{"start":{"line":402,"column":0},"end":{"line":402,"column":145}},"402":{"start":{"line":403,"column":0},"end":{"line":403,"column":110}},"403":{"start":{"line":404,"column":0},"end":{"line":404,"column":381}},"404":{"start":{"line":405,"column":0},"end":{"line":405,"column":292}},"405":{"start":{"line":406,"column":0},"end":{"line":406,"column":27}},"406":{"start":{"line":407,"column":0},"end":{"line":407,"column":18}},"407":{"start":{"line":408,"column":0},"end":{"line":408,"column":41}},"408":{"start":{"line":409,"column":0},"end":{"line":409,"column":225}},"409":{"start":{"line":410,"column":0},"end":{"line":410,"column":370}},"410":{"start":{"line":411,"column":0},"end":{"line":411,"column":82}},"411":{"start":{"line":412,"column":0},"end":{"line":412,"column":29}},"412":{"start":{"line":413,"column":0},"end":{"line":413,"column":383}},"413":{"start":{"line":414,"column":0},"end":{"line":414,"column":62}},"414":{"start":{"line":415,"column":0},"end":{"line":415,"column":193}},"415":{"start":{"line":416,"column":0},"end":{"line":416,"column":35}},"416":{"start":{"line":417,"column":0},"end":{"line":417,"column":249}},"417":{"start":{"line":418,"column":0},"end":{"line":418,"column":83}},"418":{"start":{"line":419,"column":0},"end":{"line":419,"column":53}},"419":{"start":{"line":420,"column":0},"end":{"line":420,"column":7}},"420":{"start":{"line":421,"column":0},"end":{"line":421,"column":626}},"421":{"start":{"line":422,"column":0},"end":{"line":422,"column":71}},"422":{"start":{"line":423,"column":0},"end":{"line":423,"column":397}},"423":{"start":{"line":424,"column":0},"end":{"line":424,"column":147}},"424":{"start":{"line":425,"column":0},"end":{"line":425,"column":20}},"425":{"start":{"line":426,"column":0},"end":{"line":426,"column":9}},"426":{"start":{"line":427,"column":0},"end":{"line":427,"column":306}},"427":{"start":{"line":428,"column":0},"end":{"line":428,"column":460}},"428":{"start":{"line":429,"column":0},"end":{"line":429,"column":728}},"429":{"start":{"line":430,"column":0},"end":{"line":430,"column":151}},"430":{"start":{"line":431,"column":0},"end":{"line":431,"column":470}},"431":{"start":{"line":432,"column":0},"end":{"line":432,"column":419}},"432":{"start":{"line":433,"column":0},"end":{"line":433,"column":315}},"433":{"start":{"line":434,"column":0},"end":{"line":434,"column":78}},"434":{"start":{"line":435,"column":0},"end":{"line":435,"column":113}},"435":{"start":{"line":436,"column":0},"end":{"line":436,"column":275}},"436":{"start":{"line":437,"column":0},"end":{"line":437,"column":283}},"437":{"start":{"line":438,"column":0},"end":{"line":438,"column":291}},"438":{"start":{"line":439,"column":0},"end":{"line":439,"column":173}},"439":{"start":{"line":440,"column":0},"end":{"line":440,"column":24}},"440":{"start":{"line":441,"column":0},"end":{"line":441,"column":3}},"441":{"start":{"line":442,"column":0},"end":{"line":442,"column":84}},"442":{"start":{"line":443,"column":0},"end":{"line":443,"column":173}},"443":{"start":{"line":444,"column":0},"end":{"line":444,"column":635}},"444":{"start":{"line":445,"column":0},"end":{"line":445,"column":83}},"445":{"start":{"line":446,"column":0},"end":{"line":446,"column":110}},"446":{"start":{"line":447,"column":0},"end":{"line":447,"column":544}},"447":{"start":{"line":448,"column":0},"end":{"line":448,"column":232}},"448":{"start":{"line":449,"column":0},"end":{"line":449,"column":74}},"449":{"start":{"line":450,"column":0},"end":{"line":450,"column":126}},"450":{"start":{"line":451,"column":0},"end":{"line":451,"column":301}},"451":{"start":{"line":452,"column":0},"end":{"line":452,"column":67}},"452":{"start":{"line":453,"column":0},"end":{"line":453,"column":297}},"453":{"start":{"line":454,"column":0},"end":{"line":454,"column":110}},"454":{"start":{"line":455,"column":0},"end":{"line":455,"column":1057}},"455":{"start":{"line":456,"column":0},"end":{"line":456,"column":0}},"456":{"start":{"line":457,"column":0},"end":{"line":457,"column":215}},"457":{"start":{"line":458,"column":0},"end":{"line":458,"column":124}},"458":{"start":{"line":459,"column":0},"end":{"line":459,"column":892}},"459":{"start":{"line":460,"column":0},"end":{"line":460,"column":236}},"460":{"start":{"line":461,"column":0},"end":{"line":461,"column":76}},"461":{"start":{"line":462,"column":0},"end":{"line":462,"column":552}},"462":{"start":{"line":463,"column":0},"end":{"line":463,"column":113}},"463":{"start":{"line":464,"column":0},"end":{"line":464,"column":32}},"464":{"start":{"line":465,"column":0},"end":{"line":465,"column":121}},"465":{"start":{"line":466,"column":0},"end":{"line":466,"column":181}},"466":{"start":{"line":467,"column":0},"end":{"line":467,"column":113}},"467":{"start":{"line":468,"column":0},"end":{"line":468,"column":76}},"468":{"start":{"line":469,"column":0},"end":{"line":469,"column":495}},"469":{"start":{"line":470,"column":0},"end":{"line":470,"column":77}},"470":{"start":{"line":471,"column":0},"end":{"line":471,"column":0}},"471":{"start":{"line":472,"column":0},"end":{"line":472,"column":322}},"472":{"start":{"line":473,"column":0},"end":{"line":473,"column":274}},"473":{"start":{"line":474,"column":0},"end":{"line":474,"column":328}},"474":{"start":{"line":475,"column":0},"end":{"line":475,"column":400}},"475":{"start":{"line":476,"column":0},"end":{"line":476,"column":106}},"476":{"start":{"line":477,"column":0},"end":{"line":477,"column":576}},"477":{"start":{"line":478,"column":0},"end":{"line":478,"column":14}},"478":{"start":{"line":479,"column":0},"end":{"line":479,"column":337}},"479":{"start":{"line":480,"column":0},"end":{"line":480,"column":152}},"480":{"start":{"line":481,"column":0},"end":{"line":481,"column":22}},"481":{"start":{"line":482,"column":0},"end":{"line":482,"column":163}},"482":{"start":{"line":483,"column":0},"end":{"line":483,"column":140}},"483":{"start":{"line":484,"column":0},"end":{"line":484,"column":113}},"484":{"start":{"line":485,"column":0},"end":{"line":485,"column":303}},"485":{"start":{"line":486,"column":0},"end":{"line":486,"column":520}},"486":{"start":{"line":487,"column":0},"end":{"line":487,"column":294}},"487":{"start":{"line":488,"column":0},"end":{"line":488,"column":196}},"488":{"start":{"line":489,"column":0},"end":{"line":489,"column":0}},"489":{"start":{"line":490,"column":0},"end":{"line":490,"column":856}},"490":{"start":{"line":491,"column":0},"end":{"line":491,"column":69}},"491":{"start":{"line":492,"column":0},"end":{"line":492,"column":123}},"492":{"start":{"line":493,"column":0},"end":{"line":493,"column":272}},"493":{"start":{"line":494,"column":0},"end":{"line":494,"column":331}},"494":{"start":{"line":495,"column":0},"end":{"line":495,"column":16}},"495":{"start":{"line":496,"column":0},"end":{"line":496,"column":35}},"496":{"start":{"line":497,"column":0},"end":{"line":497,"column":103}},"497":{"start":{"line":498,"column":0},"end":{"line":498,"column":336}},"498":{"start":{"line":499,"column":0},"end":{"line":499,"column":174}},"499":{"start":{"line":500,"column":0},"end":{"line":500,"column":297}},"500":{"start":{"line":501,"column":0},"end":{"line":501,"column":206}},"501":{"start":{"line":502,"column":0},"end":{"line":502,"column":222}},"502":{"start":{"line":503,"column":0},"end":{"line":503,"column":170}},"503":{"start":{"line":504,"column":0},"end":{"line":504,"column":188}},"504":{"start":{"line":505,"column":0},"end":{"line":505,"column":1085}},"505":{"start":{"line":506,"column":0},"end":{"line":506,"column":741}},"506":{"start":{"line":507,"column":0},"end":{"line":507,"column":337}},"507":{"start":{"line":508,"column":0},"end":{"line":508,"column":42}},"508":{"start":{"line":509,"column":0},"end":{"line":509,"column":127}},"509":{"start":{"line":510,"column":0},"end":{"line":510,"column":388}},"510":{"start":{"line":511,"column":0},"end":{"line":511,"column":866}},"511":{"start":{"line":512,"column":0},"end":{"line":512,"column":149}},"512":{"start":{"line":513,"column":0},"end":{"line":513,"column":460}},"513":{"start":{"line":514,"column":0},"end":{"line":514,"column":168}},"514":{"start":{"line":515,"column":0},"end":{"line":515,"column":379}},"515":{"start":{"line":516,"column":0},"end":{"line":516,"column":170}},"516":{"start":{"line":517,"column":0},"end":{"line":517,"column":223}},"517":{"start":{"line":518,"column":0},"end":{"line":518,"column":223}},"518":{"start":{"line":519,"column":0},"end":{"line":519,"column":39}},"519":{"start":{"line":520,"column":0},"end":{"line":520,"column":47}},"520":{"start":{"line":521,"column":0},"end":{"line":521,"column":264}},"521":{"start":{"line":522,"column":0},"end":{"line":522,"column":504}},"522":{"start":{"line":523,"column":0},"end":{"line":523,"column":58}},"523":{"start":{"line":524,"column":0},"end":{"line":524,"column":499}},"524":{"start":{"line":525,"column":0},"end":{"line":525,"column":38}},"525":{"start":{"line":526,"column":0},"end":{"line":526,"column":392}},"526":{"start":{"line":527,"column":0},"end":{"line":527,"column":238}},"527":{"start":{"line":528,"column":0},"end":{"line":528,"column":694}},"528":{"start":{"line":529,"column":0},"end":{"line":529,"column":206}},"529":{"start":{"line":530,"column":0},"end":{"line":530,"column":2}},"530":{"start":{"line":531,"column":0},"end":{"line":531,"column":515}},"531":{"start":{"line":532,"column":0},"end":{"line":532,"column":24}},"532":{"start":{"line":533,"column":0},"end":{"line":533,"column":588}},"533":{"start":{"line":534,"column":0},"end":{"line":534,"column":126}},"534":{"start":{"line":535,"column":0},"end":{"line":535,"column":192}},"535":{"start":{"line":536,"column":0},"end":{"line":536,"column":77}},"536":{"start":{"line":537,"column":0},"end":{"line":537,"column":1634}},"537":{"start":{"line":538,"column":0},"end":{"line":538,"column":830}},"538":{"start":{"line":539,"column":0},"end":{"line":539,"column":408}},"539":{"start":{"line":540,"column":0},"end":{"line":540,"column":364}},"540":{"start":{"line":541,"column":0},"end":{"line":541,"column":16}},"541":{"start":{"line":542,"column":0},"end":{"line":542,"column":57}},"542":{"start":{"line":543,"column":0},"end":{"line":543,"column":95}},"543":{"start":{"line":544,"column":0},"end":{"line":544,"column":58}},"544":{"start":{"line":545,"column":0},"end":{"line":545,"column":703}},"545":{"start":{"line":546,"column":0},"end":{"line":546,"column":22}},"546":{"start":{"line":547,"column":0},"end":{"line":547,"column":174}},"547":{"start":{"line":548,"column":0},"end":{"line":548,"column":158}},"548":{"start":{"line":549,"column":0},"end":{"line":549,"column":149}},"549":{"start":{"line":550,"column":0},"end":{"line":550,"column":331}},"550":{"start":{"line":551,"column":0},"end":{"line":551,"column":275}},"551":{"start":{"line":552,"column":0},"end":{"line":552,"column":22}},"552":{"start":{"line":553,"column":0},"end":{"line":553,"column":547}},"553":{"start":{"line":554,"column":0},"end":{"line":554,"column":258}},"554":{"start":{"line":555,"column":0},"end":{"line":555,"column":17}},"555":{"start":{"line":556,"column":0},"end":{"line":556,"column":534}},"556":{"start":{"line":557,"column":0},"end":{"line":557,"column":24}},"557":{"start":{"line":558,"column":0},"end":{"line":558,"column":182}},"558":{"start":{"line":559,"column":0},"end":{"line":559,"column":3}},"559":{"start":{"line":560,"column":0},"end":{"line":560,"column":212}},"560":{"start":{"line":561,"column":0},"end":{"line":561,"column":95}},"561":{"start":{"line":562,"column":0},"end":{"line":562,"column":104}},"562":{"start":{"line":563,"column":0},"end":{"line":563,"column":47}},"563":{"start":{"line":564,"column":0},"end":{"line":564,"column":104}},"564":{"start":{"line":565,"column":0},"end":{"line":565,"column":27}},"565":{"start":{"line":566,"column":0},"end":{"line":566,"column":108}},"566":{"start":{"line":567,"column":0},"end":{"line":567,"column":291}},"567":{"start":{"line":568,"column":0},"end":{"line":568,"column":180}},"568":{"start":{"line":569,"column":0},"end":{"line":569,"column":187}},"569":{"start":{"line":570,"column":0},"end":{"line":570,"column":172}},"570":{"start":{"line":571,"column":0},"end":{"line":571,"column":51}},"571":{"start":{"line":572,"column":0},"end":{"line":572,"column":88}},"572":{"start":{"line":573,"column":0},"end":{"line":573,"column":365}},"573":{"start":{"line":574,"column":0},"end":{"line":574,"column":66}},"574":{"start":{"line":575,"column":0},"end":{"line":575,"column":16}},"575":{"start":{"line":576,"column":0},"end":{"line":576,"column":160}},"576":{"start":{"line":577,"column":0},"end":{"line":577,"column":129}},"577":{"start":{"line":578,"column":0},"end":{"line":578,"column":504}},"578":{"start":{"line":579,"column":0},"end":{"line":579,"column":208}},"579":{"start":{"line":580,"column":0},"end":{"line":580,"column":660}},"580":{"start":{"line":581,"column":0},"end":{"line":581,"column":90}},"581":{"start":{"line":582,"column":0},"end":{"line":582,"column":268}},"582":{"start":{"line":583,"column":0},"end":{"line":583,"column":50}},"583":{"start":{"line":584,"column":0},"end":{"line":584,"column":855}},"584":{"start":{"line":585,"column":0},"end":{"line":585,"column":51}},"585":{"start":{"line":586,"column":0},"end":{"line":586,"column":144}},"586":{"start":{"line":587,"column":0},"end":{"line":587,"column":90}},"587":{"start":{"line":588,"column":0},"end":{"line":588,"column":122}},"588":{"start":{"line":589,"column":0},"end":{"line":589,"column":199}},"589":{"start":{"line":590,"column":0},"end":{"line":590,"column":27}},"590":{"start":{"line":591,"column":0},"end":{"line":591,"column":894}},"591":{"start":{"line":592,"column":0},"end":{"line":592,"column":54}},"592":{"start":{"line":593,"column":0},"end":{"line":593,"column":404}},"593":{"start":{"line":594,"column":0},"end":{"line":594,"column":192}},"594":{"start":{"line":595,"column":0},"end":{"line":595,"column":88}},"595":{"start":{"line":596,"column":0},"end":{"line":596,"column":85}},"596":{"start":{"line":597,"column":0},"end":{"line":597,"column":94}},"597":{"start":{"line":598,"column":0},"end":{"line":598,"column":240}},"598":{"start":{"line":599,"column":0},"end":{"line":599,"column":260}},"599":{"start":{"line":600,"column":0},"end":{"line":600,"column":204}},"600":{"start":{"line":601,"column":0},"end":{"line":601,"column":3}},"601":{"start":{"line":602,"column":0},"end":{"line":602,"column":9}},"602":{"start":{"line":603,"column":0},"end":{"line":603,"column":148}},"603":{"start":{"line":604,"column":0},"end":{"line":604,"column":7}},"604":{"start":{"line":605,"column":0},"end":{"line":605,"column":0}},"605":{"start":{"line":606,"column":0},"end":{"line":606,"column":0}},"606":{"start":{"line":607,"column":0},"end":{"line":607,"column":51}},"607":{"start":{"line":608,"column":0},"end":{"line":608,"column":264}},"608":{"start":{"line":609,"column":0},"end":{"line":609,"column":204}},"609":{"start":{"line":610,"column":0},"end":{"line":610,"column":93}},"610":{"start":{"line":611,"column":0},"end":{"line":611,"column":551}},"611":{"start":{"line":612,"column":0},"end":{"line":612,"column":322}},"612":{"start":{"line":613,"column":0},"end":{"line":613,"column":417}},"613":{"start":{"line":614,"column":0},"end":{"line":614,"column":2}},"614":{"start":{"line":615,"column":0},"end":{"line":615,"column":194}},"615":{"start":{"line":616,"column":0},"end":{"line":616,"column":43}},"616":{"start":{"line":617,"column":0},"end":{"line":617,"column":234}},"617":{"start":{"line":618,"column":0},"end":{"line":618,"column":5}},"618":{"start":{"line":619,"column":0},"end":{"line":619,"column":404}},"619":{"start":{"line":620,"column":0},"end":{"line":620,"column":410}},"620":{"start":{"line":621,"column":0},"end":{"line":621,"column":54}},"621":{"start":{"line":622,"column":0},"end":{"line":622,"column":256}},"622":{"start":{"line":623,"column":0},"end":{"line":623,"column":109}},"623":{"start":{"line":624,"column":0},"end":{"line":624,"column":155}},"624":{"start":{"line":625,"column":0},"end":{"line":625,"column":416}},"625":{"start":{"line":626,"column":0},"end":{"line":626,"column":1}},"626":{"start":{"line":627,"column":0},"end":{"line":627,"column":72}},"627":{"start":{"line":628,"column":0},"end":{"line":628,"column":293}},"628":{"start":{"line":629,"column":0},"end":{"line":629,"column":55}},"629":{"start":{"line":630,"column":0},"end":{"line":630,"column":335}},"630":{"start":{"line":631,"column":0},"end":{"line":631,"column":100}},"631":{"start":{"line":632,"column":0},"end":{"line":632,"column":297}},"632":{"start":{"line":633,"column":0},"end":{"line":633,"column":9}},"633":{"start":{"line":634,"column":0},"end":{"line":634,"column":43}},"634":{"start":{"line":635,"column":0},"end":{"line":635,"column":404}},"635":{"start":{"line":636,"column":0},"end":{"line":636,"column":48}},"636":{"start":{"line":637,"column":0},"end":{"line":637,"column":98}},"637":{"start":{"line":638,"column":0},"end":{"line":638,"column":27}},"638":{"start":{"line":639,"column":0},"end":{"line":639,"column":288}},"639":{"start":{"line":640,"column":0},"end":{"line":640,"column":26}},"640":{"start":{"line":641,"column":0},"end":{"line":641,"column":287}},"641":{"start":{"line":642,"column":0},"end":{"line":642,"column":130}},"642":{"start":{"line":643,"column":0},"end":{"line":643,"column":87}},"643":{"start":{"line":644,"column":0},"end":{"line":644,"column":30}},"644":{"start":{"line":645,"column":0},"end":{"line":645,"column":504}},"645":{"start":{"line":646,"column":0},"end":{"line":646,"column":139}},"646":{"start":{"line":647,"column":0},"end":{"line":647,"column":346}},"647":{"start":{"line":648,"column":0},"end":{"line":648,"column":97}},"648":{"start":{"line":649,"column":0},"end":{"line":649,"column":170}},"649":{"start":{"line":650,"column":0},"end":{"line":650,"column":0}},"650":{"start":{"line":651,"column":0},"end":{"line":651,"column":19}},"651":{"start":{"line":652,"column":0},"end":{"line":652,"column":77}},"652":{"start":{"line":653,"column":0},"end":{"line":653,"column":120}},"653":{"start":{"line":654,"column":0},"end":{"line":654,"column":253}},"654":{"start":{"line":655,"column":0},"end":{"line":655,"column":824}},"655":{"start":{"line":656,"column":0},"end":{"line":656,"column":253}},"656":{"start":{"line":657,"column":0},"end":{"line":657,"column":714}},"657":{"start":{"line":658,"column":0},"end":{"line":658,"column":1}},"658":{"start":{"line":659,"column":0},"end":{"line":659,"column":0}},"659":{"start":{"line":660,"column":0},"end":{"line":660,"column":233}},"660":{"start":{"line":661,"column":0},"end":{"line":661,"column":283}},"661":{"start":{"line":662,"column":0},"end":{"line":662,"column":20}},"662":{"start":{"line":663,"column":0},"end":{"line":663,"column":625}},"663":{"start":{"line":664,"column":0},"end":{"line":664,"column":82}},"664":{"start":{"line":665,"column":0},"end":{"line":665,"column":306}},"665":{"start":{"line":666,"column":0},"end":{"line":666,"column":33}},"666":{"start":{"line":667,"column":0},"end":{"line":667,"column":21}},"667":{"start":{"line":668,"column":0},"end":{"line":668,"column":186}},"668":{"start":{"line":669,"column":0},"end":{"line":669,"column":49}},"669":{"start":{"line":670,"column":0},"end":{"line":670,"column":598}},"670":{"start":{"line":671,"column":0},"end":{"line":671,"column":189}},"671":{"start":{"line":672,"column":0},"end":{"line":672,"column":50}},"672":{"start":{"line":673,"column":0},"end":{"line":673,"column":251}},"673":{"start":{"line":674,"column":0},"end":{"line":674,"column":72}},"674":{"start":{"line":675,"column":0},"end":{"line":675,"column":311}},"675":{"start":{"line":676,"column":0},"end":{"line":676,"column":231}},"676":{"start":{"line":677,"column":0},"end":{"line":677,"column":1251}},"677":{"start":{"line":678,"column":0},"end":{"line":678,"column":1}},"678":{"start":{"line":679,"column":0},"end":{"line":679,"column":319}},"679":{"start":{"line":680,"column":0},"end":{"line":680,"column":160}},"680":{"start":{"line":681,"column":0},"end":{"line":681,"column":87}},"681":{"start":{"line":682,"column":0},"end":{"line":682,"column":347}},"682":{"start":{"line":683,"column":0},"end":{"line":683,"column":1011}},"683":{"start":{"line":684,"column":0},"end":{"line":684,"column":47}},"684":{"start":{"line":685,"column":0},"end":{"line":685,"column":112}},"685":{"start":{"line":686,"column":0},"end":{"line":686,"column":137}},"686":{"start":{"line":687,"column":0},"end":{"line":687,"column":68}},"687":{"start":{"line":688,"column":0},"end":{"line":688,"column":55}},"688":{"start":{"line":689,"column":0},"end":{"line":689,"column":39}},"689":{"start":{"line":690,"column":0},"end":{"line":690,"column":446}},"690":{"start":{"line":691,"column":0},"end":{"line":691,"column":522}},"691":{"start":{"line":692,"column":0},"end":{"line":692,"column":127}},"692":{"start":{"line":693,"column":0},"end":{"line":693,"column":72}},"693":{"start":{"line":694,"column":0},"end":{"line":694,"column":14}},"694":{"start":{"line":695,"column":0},"end":{"line":695,"column":86}},"695":{"start":{"line":696,"column":0},"end":{"line":696,"column":24}},"696":{"start":{"line":697,"column":0},"end":{"line":697,"column":60}},"697":{"start":{"line":698,"column":0},"end":{"line":698,"column":45}},"698":{"start":{"line":699,"column":0},"end":{"line":699,"column":20}},"699":{"start":{"line":700,"column":0},"end":{"line":700,"column":98}},"700":{"start":{"line":701,"column":0},"end":{"line":701,"column":3}},"701":{"start":{"line":702,"column":0},"end":{"line":702,"column":91}},"702":{"start":{"line":703,"column":0},"end":{"line":703,"column":48}},"703":{"start":{"line":704,"column":0},"end":{"line":704,"column":0}},"704":{"start":{"line":705,"column":0},"end":{"line":705,"column":201}},"705":{"start":{"line":706,"column":0},"end":{"line":706,"column":19}},"706":{"start":{"line":707,"column":0},"end":{"line":707,"column":112}},"707":{"start":{"line":708,"column":0},"end":{"line":708,"column":162}},"708":{"start":{"line":709,"column":0},"end":{"line":709,"column":305}},"709":{"start":{"line":710,"column":0},"end":{"line":710,"column":44}},"710":{"start":{"line":711,"column":0},"end":{"line":711,"column":183}},"711":{"start":{"line":712,"column":0},"end":{"line":712,"column":127}},"712":{"start":{"line":713,"column":0},"end":{"line":713,"column":168}},"713":{"start":{"line":714,"column":0},"end":{"line":714,"column":65}},"714":{"start":{"line":715,"column":0},"end":{"line":715,"column":212}},"715":{"start":{"line":716,"column":0},"end":{"line":716,"column":18}},"716":{"start":{"line":717,"column":0},"end":{"line":717,"column":114}},"717":{"start":{"line":718,"column":0},"end":{"line":718,"column":868}},"718":{"start":{"line":719,"column":0},"end":{"line":719,"column":865}},"719":{"start":{"line":720,"column":0},"end":{"line":720,"column":176}},"720":{"start":{"line":721,"column":0},"end":{"line":721,"column":74}},"721":{"start":{"line":722,"column":0},"end":{"line":722,"column":531}},"722":{"start":{"line":723,"column":0},"end":{"line":723,"column":294}},"723":{"start":{"line":724,"column":0},"end":{"line":724,"column":132}},"724":{"start":{"line":725,"column":0},"end":{"line":725,"column":145}},"725":{"start":{"line":726,"column":0},"end":{"line":726,"column":219}},"726":{"start":{"line":727,"column":0},"end":{"line":727,"column":69}},"727":{"start":{"line":728,"column":0},"end":{"line":728,"column":519}},"728":{"start":{"line":729,"column":0},"end":{"line":729,"column":57}},"729":{"start":{"line":730,"column":0},"end":{"line":730,"column":103}},"730":{"start":{"line":731,"column":0},"end":{"line":731,"column":101}},"731":{"start":{"line":732,"column":0},"end":{"line":732,"column":43}},"732":{"start":{"line":733,"column":0},"end":{"line":733,"column":178}},"733":{"start":{"line":734,"column":0},"end":{"line":734,"column":78}},"734":{"start":{"line":735,"column":0},"end":{"line":735,"column":6}},"735":{"start":{"line":736,"column":0},"end":{"line":736,"column":404}},"736":{"start":{"line":737,"column":0},"end":{"line":737,"column":579}},"737":{"start":{"line":738,"column":0},"end":{"line":738,"column":88}},"738":{"start":{"line":739,"column":0},"end":{"line":739,"column":209}},"739":{"start":{"line":740,"column":0},"end":{"line":740,"column":419}},"740":{"start":{"line":741,"column":0},"end":{"line":741,"column":237}},"741":{"start":{"line":742,"column":0},"end":{"line":742,"column":759}},"742":{"start":{"line":743,"column":0},"end":{"line":743,"column":11}},"743":{"start":{"line":744,"column":0},"end":{"line":744,"column":166}},"744":{"start":{"line":745,"column":0},"end":{"line":745,"column":318}},"745":{"start":{"line":746,"column":0},"end":{"line":746,"column":66}},"746":{"start":{"line":747,"column":0},"end":{"line":747,"column":786}},"747":{"start":{"line":748,"column":0},"end":{"line":748,"column":216}},"748":{"start":{"line":749,"column":0},"end":{"line":749,"column":427}},"749":{"start":{"line":750,"column":0},"end":{"line":750,"column":187}},"750":{"start":{"line":751,"column":0},"end":{"line":751,"column":577}},"751":{"start":{"line":752,"column":0},"end":{"line":752,"column":393}},"752":{"start":{"line":753,"column":0},"end":{"line":753,"column":1050}},"753":{"start":{"line":754,"column":0},"end":{"line":754,"column":19}},"754":{"start":{"line":755,"column":0},"end":{"line":755,"column":0}},"755":{"start":{"line":756,"column":0},"end":{"line":756,"column":2}},"756":{"start":{"line":757,"column":0},"end":{"line":757,"column":52}},"757":{"start":{"line":758,"column":0},"end":{"line":758,"column":28}},"758":{"start":{"line":759,"column":0},"end":{"line":759,"column":121}},"759":{"start":{"line":760,"column":0},"end":{"line":760,"column":262}},"760":{"start":{"line":761,"column":0},"end":{"line":761,"column":202}},"761":{"start":{"line":762,"column":0},"end":{"line":762,"column":85}},"762":{"start":{"line":763,"column":0},"end":{"line":763,"column":409}},"763":{"start":{"line":764,"column":0},"end":{"line":764,"column":388}},"764":{"start":{"line":765,"column":0},"end":{"line":765,"column":143}},"765":{"start":{"line":766,"column":0},"end":{"line":766,"column":154}},"766":{"start":{"line":767,"column":0},"end":{"line":767,"column":581}},"767":{"start":{"line":768,"column":0},"end":{"line":768,"column":379}},"768":{"start":{"line":769,"column":0},"end":{"line":769,"column":85}},"769":{"start":{"line":770,"column":0},"end":{"line":770,"column":53}},"770":{"start":{"line":771,"column":0},"end":{"line":771,"column":183}},"771":{"start":{"line":772,"column":0},"end":{"line":772,"column":170}},"772":{"start":{"line":773,"column":0},"end":{"line":773,"column":1070}},"773":{"start":{"line":774,"column":0},"end":{"line":774,"column":228}},"774":{"start":{"line":775,"column":0},"end":{"line":775,"column":64}},"775":{"start":{"line":776,"column":0},"end":{"line":776,"column":5}},"776":{"start":{"line":777,"column":0},"end":{"line":777,"column":114}},"777":{"start":{"line":778,"column":0},"end":{"line":778,"column":7}},"778":{"start":{"line":779,"column":0},"end":{"line":779,"column":40}},"779":{"start":{"line":780,"column":0},"end":{"line":780,"column":197}},"780":{"start":{"line":781,"column":0},"end":{"line":781,"column":489}},"781":{"start":{"line":782,"column":0},"end":{"line":782,"column":165}},"782":{"start":{"line":783,"column":0},"end":{"line":783,"column":282}},"783":{"start":{"line":784,"column":0},"end":{"line":784,"column":321}},"784":{"start":{"line":785,"column":0},"end":{"line":785,"column":48}},"785":{"start":{"line":786,"column":0},"end":{"line":786,"column":555}},"786":{"start":{"line":787,"column":0},"end":{"line":787,"column":62}},"787":{"start":{"line":788,"column":0},"end":{"line":788,"column":585}},"788":{"start":{"line":789,"column":0},"end":{"line":789,"column":377}},"789":{"start":{"line":790,"column":0},"end":{"line":790,"column":582}},"790":{"start":{"line":791,"column":0},"end":{"line":791,"column":446}},"791":{"start":{"line":792,"column":0},"end":{"line":792,"column":731}},"792":{"start":{"line":793,"column":0},"end":{"line":793,"column":122}},"793":{"start":{"line":794,"column":0},"end":{"line":794,"column":42}},"794":{"start":{"line":795,"column":0},"end":{"line":795,"column":59}},"795":{"start":{"line":796,"column":0},"end":{"line":796,"column":0}},"796":{"start":{"line":797,"column":0},"end":{"line":797,"column":59}},"797":{"start":{"line":798,"column":0},"end":{"line":798,"column":101}},"798":{"start":{"line":799,"column":0},"end":{"line":799,"column":171}},"799":{"start":{"line":800,"column":0},"end":{"line":800,"column":17}},"800":{"start":{"line":801,"column":0},"end":{"line":801,"column":15}},"801":{"start":{"line":802,"column":0},"end":{"line":802,"column":69}},"802":{"start":{"line":803,"column":0},"end":{"line":803,"column":238}},"803":{"start":{"line":804,"column":0},"end":{"line":804,"column":46}},"804":{"start":{"line":805,"column":0},"end":{"line":805,"column":80}},"805":{"start":{"line":806,"column":0},"end":{"line":806,"column":39}},"806":{"start":{"line":807,"column":0},"end":{"line":807,"column":21}},"807":{"start":{"line":808,"column":0},"end":{"line":808,"column":379}},"808":{"start":{"line":809,"column":0},"end":{"line":809,"column":521}},"809":{"start":{"line":810,"column":0},"end":{"line":810,"column":21}},"810":{"start":{"line":811,"column":0},"end":{"line":811,"column":233}},"811":{"start":{"line":812,"column":0},"end":{"line":812,"column":70}},"812":{"start":{"line":813,"column":0},"end":{"line":813,"column":495}},"813":{"start":{"line":814,"column":0},"end":{"line":814,"column":412}},"814":{"start":{"line":815,"column":0},"end":{"line":815,"column":362}},"815":{"start":{"line":816,"column":0},"end":{"line":816,"column":240}},"816":{"start":{"line":817,"column":0},"end":{"line":817,"column":100}},"817":{"start":{"line":818,"column":0},"end":{"line":818,"column":126}},"818":{"start":{"line":819,"column":0},"end":{"line":819,"column":489}},"819":{"start":{"line":820,"column":0},"end":{"line":820,"column":109}},"820":{"start":{"line":821,"column":0},"end":{"line":821,"column":525}},"821":{"start":{"line":822,"column":0},"end":{"line":822,"column":270}},"822":{"start":{"line":823,"column":0},"end":{"line":823,"column":1156}},"823":{"start":{"line":824,"column":0},"end":{"line":824,"column":211}},"824":{"start":{"line":825,"column":0},"end":{"line":825,"column":360}},"825":{"start":{"line":826,"column":0},"end":{"line":826,"column":94}},"826":{"start":{"line":827,"column":0},"end":{"line":827,"column":682}},"827":{"start":{"line":828,"column":0},"end":{"line":828,"column":102}},"828":{"start":{"line":829,"column":0},"end":{"line":829,"column":177}},"829":{"start":{"line":830,"column":0},"end":{"line":830,"column":377}},"830":{"start":{"line":831,"column":0},"end":{"line":831,"column":419}},"831":{"start":{"line":832,"column":0},"end":{"line":832,"column":36}},"832":{"start":{"line":833,"column":0},"end":{"line":833,"column":129}},"833":{"start":{"line":834,"column":0},"end":{"line":834,"column":114}},"834":{"start":{"line":835,"column":0},"end":{"line":835,"column":516}},"835":{"start":{"line":836,"column":0},"end":{"line":836,"column":55}},"836":{"start":{"line":837,"column":0},"end":{"line":837,"column":410}},"837":{"start":{"line":838,"column":0},"end":{"line":838,"column":376}},"838":{"start":{"line":839,"column":0},"end":{"line":839,"column":193}},"839":{"start":{"line":840,"column":0},"end":{"line":840,"column":727}},"840":{"start":{"line":841,"column":0},"end":{"line":841,"column":382}},"841":{"start":{"line":842,"column":0},"end":{"line":842,"column":961}},"842":{"start":{"line":843,"column":0},"end":{"line":843,"column":385}},"843":{"start":{"line":844,"column":0},"end":{"line":844,"column":11}},"844":{"start":{"line":845,"column":0},"end":{"line":845,"column":11}},"845":{"start":{"line":846,"column":0},"end":{"line":846,"column":341}},"846":{"start":{"line":847,"column":0},"end":{"line":847,"column":164}},"847":{"start":{"line":848,"column":0},"end":{"line":848,"column":292}},"848":{"start":{"line":849,"column":0},"end":{"line":849,"column":525}},"849":{"start":{"line":850,"column":0},"end":{"line":850,"column":56}},"850":{"start":{"line":851,"column":0},"end":{"line":851,"column":104}},"851":{"start":{"line":852,"column":0},"end":{"line":852,"column":142}},"852":{"start":{"line":853,"column":0},"end":{"line":853,"column":259}},"853":{"start":{"line":854,"column":0},"end":{"line":854,"column":182}},"854":{"start":{"line":855,"column":0},"end":{"line":855,"column":56}},"855":{"start":{"line":856,"column":0},"end":{"line":856,"column":435}},"856":{"start":{"line":857,"column":0},"end":{"line":857,"column":111}},"857":{"start":{"line":858,"column":0},"end":{"line":858,"column":63}},"858":{"start":{"line":859,"column":0},"end":{"line":859,"column":41}},"859":{"start":{"line":860,"column":0},"end":{"line":860,"column":161}},"860":{"start":{"line":861,"column":0},"end":{"line":861,"column":367}},"861":{"start":{"line":862,"column":0},"end":{"line":862,"column":579}},"862":{"start":{"line":863,"column":0},"end":{"line":863,"column":292}},"863":{"start":{"line":864,"column":0},"end":{"line":864,"column":45}},"864":{"start":{"line":865,"column":0},"end":{"line":865,"column":17}},"865":{"start":{"line":866,"column":0},"end":{"line":866,"column":78}},"866":{"start":{"line":867,"column":0},"end":{"line":867,"column":95}},"867":{"start":{"line":868,"column":0},"end":{"line":868,"column":623}},"868":{"start":{"line":869,"column":0},"end":{"line":869,"column":7}},"869":{"start":{"line":870,"column":0},"end":{"line":870,"column":113}},"870":{"start":{"line":871,"column":0},"end":{"line":871,"column":119}},"871":{"start":{"line":872,"column":0},"end":{"line":872,"column":28}},"872":{"start":{"line":873,"column":0},"end":{"line":873,"column":266}},"873":{"start":{"line":874,"column":0},"end":{"line":874,"column":253}},"874":{"start":{"line":875,"column":0},"end":{"line":875,"column":203}},"875":{"start":{"line":876,"column":0},"end":{"line":876,"column":163}},"876":{"start":{"line":877,"column":0},"end":{"line":877,"column":18}},"877":{"start":{"line":878,"column":0},"end":{"line":878,"column":23}},"878":{"start":{"line":879,"column":0},"end":{"line":879,"column":109}},"879":{"start":{"line":880,"column":0},"end":{"line":880,"column":75}},"880":{"start":{"line":881,"column":0},"end":{"line":881,"column":23}},"881":{"start":{"line":882,"column":0},"end":{"line":882,"column":78}},"882":{"start":{"line":883,"column":0},"end":{"line":883,"column":55}},"883":{"start":{"line":884,"column":0},"end":{"line":884,"column":200}},"884":{"start":{"line":885,"column":0},"end":{"line":885,"column":55}},"885":{"start":{"line":886,"column":0},"end":{"line":886,"column":536}},"886":{"start":{"line":887,"column":0},"end":{"line":887,"column":11}},"887":{"start":{"line":888,"column":0},"end":{"line":888,"column":1127}},"888":{"start":{"line":889,"column":0},"end":{"line":889,"column":335}},"889":{"start":{"line":890,"column":0},"end":{"line":890,"column":64}},"890":{"start":{"line":891,"column":0},"end":{"line":891,"column":19}},"891":{"start":{"line":892,"column":0},"end":{"line":892,"column":2}},"892":{"start":{"line":893,"column":0},"end":{"line":893,"column":36}},"893":{"start":{"line":894,"column":0},"end":{"line":894,"column":408}},"894":{"start":{"line":895,"column":0},"end":{"line":895,"column":2}},"895":{"start":{"line":896,"column":0},"end":{"line":896,"column":63}},"896":{"start":{"line":897,"column":0},"end":{"line":897,"column":20}},"897":{"start":{"line":898,"column":0},"end":{"line":898,"column":506}},"898":{"start":{"line":899,"column":0},"end":{"line":899,"column":12}},"899":{"start":{"line":900,"column":0},"end":{"line":900,"column":63}},"900":{"start":{"line":901,"column":0},"end":{"line":901,"column":57}},"901":{"start":{"line":902,"column":0},"end":{"line":902,"column":80}},"902":{"start":{"line":903,"column":0},"end":{"line":903,"column":31}},"903":{"start":{"line":904,"column":0},"end":{"line":904,"column":19}},"904":{"start":{"line":905,"column":0},"end":{"line":905,"column":90}},"905":{"start":{"line":906,"column":0},"end":{"line":906,"column":29}},"906":{"start":{"line":907,"column":0},"end":{"line":907,"column":64}},"907":{"start":{"line":908,"column":0},"end":{"line":908,"column":191}},"908":{"start":{"line":909,"column":0},"end":{"line":909,"column":58}},"909":{"start":{"line":910,"column":0},"end":{"line":910,"column":193}},"910":{"start":{"line":911,"column":0},"end":{"line":911,"column":91}},"911":{"start":{"line":912,"column":0},"end":{"line":912,"column":56}},"912":{"start":{"line":913,"column":0},"end":{"line":913,"column":21}},"913":{"start":{"line":914,"column":0},"end":{"line":914,"column":57}},"914":{"start":{"line":915,"column":0},"end":{"line":915,"column":160}},"915":{"start":{"line":916,"column":0},"end":{"line":916,"column":516}},"916":{"start":{"line":917,"column":0},"end":{"line":917,"column":141}},"917":{"start":{"line":918,"column":0},"end":{"line":918,"column":140}},"918":{"start":{"line":919,"column":0},"end":{"line":919,"column":113}},"919":{"start":{"line":920,"column":0},"end":{"line":920,"column":103}},"920":{"start":{"line":921,"column":0},"end":{"line":921,"column":89}},"921":{"start":{"line":922,"column":0},"end":{"line":922,"column":25}},"922":{"start":{"line":923,"column":0},"end":{"line":923,"column":90}},"923":{"start":{"line":924,"column":0},"end":{"line":924,"column":954}},"924":{"start":{"line":925,"column":0},"end":{"line":925,"column":48}},"925":{"start":{"line":926,"column":0},"end":{"line":926,"column":191}},"926":{"start":{"line":927,"column":0},"end":{"line":927,"column":70}},"927":{"start":{"line":928,"column":0},"end":{"line":928,"column":175}},"928":{"start":{"line":929,"column":0},"end":{"line":929,"column":6}},"929":{"start":{"line":930,"column":0},"end":{"line":930,"column":575}},"930":{"start":{"line":931,"column":0},"end":{"line":931,"column":649}},"931":{"start":{"line":932,"column":0},"end":{"line":932,"column":110}},"932":{"start":{"line":933,"column":0},"end":{"line":933,"column":1}},"933":{"start":{"line":934,"column":0},"end":{"line":934,"column":226}},"934":{"start":{"line":935,"column":0},"end":{"line":935,"column":135}},"935":{"start":{"line":936,"column":0},"end":{"line":936,"column":86}},"936":{"start":{"line":937,"column":0},"end":{"line":937,"column":246}},"937":{"start":{"line":938,"column":0},"end":{"line":938,"column":253}},"938":{"start":{"line":939,"column":0},"end":{"line":939,"column":207}},"939":{"start":{"line":940,"column":0},"end":{"line":940,"column":115}},"940":{"start":{"line":941,"column":0},"end":{"line":941,"column":829}},"941":{"start":{"line":942,"column":0},"end":{"line":942,"column":72}},"942":{"start":{"line":943,"column":0},"end":{"line":943,"column":170}},"943":{"start":{"line":944,"column":0},"end":{"line":944,"column":523}},"944":{"start":{"line":945,"column":0},"end":{"line":945,"column":52}},"945":{"start":{"line":946,"column":0},"end":{"line":946,"column":167}},"946":{"start":{"line":947,"column":0},"end":{"line":947,"column":26}},"947":{"start":{"line":948,"column":0},"end":{"line":948,"column":115}},"948":{"start":{"line":949,"column":0},"end":{"line":949,"column":663}},"949":{"start":{"line":950,"column":0},"end":{"line":950,"column":966}},"950":{"start":{"line":951,"column":0},"end":{"line":951,"column":122}},"951":{"start":{"line":952,"column":0},"end":{"line":952,"column":1189}},"952":{"start":{"line":953,"column":0},"end":{"line":953,"column":380}},"953":{"start":{"line":954,"column":0},"end":{"line":954,"column":281}},"954":{"start":{"line":955,"column":0},"end":{"line":955,"column":215}},"955":{"start":{"line":956,"column":0},"end":{"line":956,"column":470}},"956":{"start":{"line":957,"column":0},"end":{"line":957,"column":143}},"957":{"start":{"line":958,"column":0},"end":{"line":958,"column":100}},"958":{"start":{"line":959,"column":0},"end":{"line":959,"column":187}},"959":{"start":{"line":960,"column":0},"end":{"line":960,"column":393}},"960":{"start":{"line":961,"column":0},"end":{"line":961,"column":75}},"961":{"start":{"line":962,"column":0},"end":{"line":962,"column":116}},"962":{"start":{"line":963,"column":0},"end":{"line":963,"column":396}},"963":{"start":{"line":964,"column":0},"end":{"line":964,"column":29}},"964":{"start":{"line":965,"column":0},"end":{"line":965,"column":757}},"965":{"start":{"line":966,"column":0},"end":{"line":966,"column":9}}},"s":{"0":0,"1":0,"2":0,"3":0,"4":0,"5":0,"6":0,"7":0,"8":0,"9":0,"10":0,"11":0,"12":0,"13":0,"14":0,"15":0,"16":0,"17":0,"18":0,"19":0,"20":0,"21":0,"22":0,"23":0,"24":0,"25":0,"26":0,"27":0,"28":0,"29":0,"30":0,"31":0,"32":0,"33":0,"34":0,"35":0,"36":0,"37":0,"38":0,"39":0,"40":0,"41":0,"42":0,"43":0,"44":0,"45":0,"46":0,"47":0,"48":0,"49":0,"50":0,"51":0,"52":0,"53":0,"54":0,"55":0,"56":0,"57":0,"58":0,"59":0,"60":0,"61":0,"62":0,"63":0,"64":0,"65":0,"66":0,"67":0,"68":0,"69":0,"70":0,"71":0,"72":0,"73":0,"74":0,"75":0,"76":0,"77":0,"78":0,"79":0,"80":0,"81":0,"82":0,"83":0,"84":0,"85":0,"86":0,"87":0,"88":0,"89":0,"90":0,"91":0,"92":0,"93":0,"94":0,"95":0,"96":0,"97":0,"98":0,"99":0,"100":0,"101":0,"102":0,"103":0,"104":0,"105":0,"106":0,"107":0,"108":0,"109":0,"110":0,"111":0,"112":0,"113":0,"114":0,"115":0,"116":0,"117":0,"118":0,"119":0,"120":0,"121":0,"122":0,"123":0,"124":0,"125":0,"126":0,"127":0,"128":0,"129":0,"130":0,"131":0,"132":0,"133":0,"134":0,"135":0,"136":0,"137":0,"138":0,"139":0,"140":0,"141":0,"142":0,"143":0,"144":0,"145":0,"146":0,"147":0,"148":0,"149":0,"150":0,"151":0,"152":0,"153":0,"154":0,"155":0,"156":0,"157":0,"158":0,"159":0,"160":0,"161":0,"162":0,"163":0,"164":0,"165":0,"166":0,"167":0,"168":0,"169":0,"170":0,"171":0,"172":0,"173":0,"174":0,"175":0,"176":0,"177":0,"178":0,"179":0,"180":0,"181":0,"182":0,"183":0,"184":0,"185":0,"186":0,"187":0,"188":0,"189":0,"190":0,"191":0,"192":0,"193":0,"194":0,"195":0,"196":0,"197":0,"198":0,"199":0,"200":0,"201":0,"202":0,"203":0,"204":0,"205":0,"206":0,"207":0,"208":0,"209":0,"210":0,"211":0,"212":0,"213":0,"214":0,"215":0,"216":0,"217":0,"218":0,"219":0,"220":0,"221":0,"222":0,"223":0,"224":0,"225":0,"226":0,"227":0,"2
[...]
02":0,"103":0,"104":0,"105":0,"106":0,"107":0,"108":0,"109":0,"110":0,"111":0,"112":0,"113":0,"114":0,"115":0,"116":0,"117":0,"118":0,"119":0,"120":0,"121":0,"122":0,"123":0,"124":0,"126":0,"127":0,"128":0,"129":0,"130":0,"131":0,"132":0,"133":0,"134":0,"135":0,"136":0,"137":0,"138":0,"139":0,"141":0,"143":0,"144":0,"145":0,"146":0,"147":0,"148":0,"150":0,"151":0,"152":0,"153":0,"155":0,"156":0,"158":0,"159":0,"160":0,"163":0,"164":0,"165":0,"166":0,"167":0,"168":0,"169":0,"171":0,"173":0,"174":0,"175":0,"176":0,"177":0,"178":0,"180":0,"181":0,"182":0,"184":0,"185":0,"186":0,"187":0,"188":0,"189":0,"190":0,"192":0,"193":0,"194":0,"195":0,"196":0,"197":0,"198":0,"199":0,"200":0,"201":0,"202":0,"203":0,"204":0,"205":0,"206":0,"207":0,"208":0,"209":0,"210":0,"211":0,"213":0,"214":0,"215":0,"216":0,"219":0,"220":0,"221":0,"222":0,"223":0,"224":0,"225":0,"226":0,"227":0,"230":0,"231":0,"232":0,"233":0,"235":0,"236":0,"237":0,"238":0,"239":0,"240":0,"241":0,"242":0,"243":0,"244":0,"245":0,"247":0,"248":0,"251":0,"253":0,"255":0,"256":0,"257":0,"258":0,"259":0,"260":0,"263":0,"264":0,"265":0,"266":0,"267":0,"268":0,"269":0,"270":0,"271":0,"272":0,"273":0,"274":0,"276":0,"277":0,"278":0,"280":0,"281":0,"283":0,"285":0,"286":0,"288":0,"289":0,"290":0,"291":0,"292":0,"293":0,"295":0,"297":0,"298":0,"299":0,"300":0,"301":0,"302":0,"303":0,"304":0,"305":0,"307":0,"308":0,"309":0,"310":0,"311":0,"312":0,"313":0,"315":0,"317":0,"318":0,"320":0,"321":0,"322":0,"323":0,"324":0,"328":0,"329":0,"330":0,"331":0,"332":0,"333":0,"334":0,"336":0,"338":0,"339":0,"340":0,"341":0,"344":0,"345":0,"346":0,"347":0,"348":0,"349":0,"351":0,"352":0,"353":0,"354":0,"355":0,"356":0,"357":0,"358":0,"360":0,"361":0,"362":0,"363":0,"364":0,"365":0,"367":0,"368":0,"369":0,"370":0,"371":0,"372":0,"373":0,"375":0,"377":0,"378":0,"379":0,"380":0,"383":0,"384":0,"385":0,"386":0,"387":0,"388":0,"389":0,"390":0,"391":0,"393":0,"394":0,"395":0,"396":0,"397":0,"398":0,"400":0,"402":0,"403":0,"407":0,"408":0,"409":0,"410":0,"412":0,"413":0,"414":0,"415":0,"416":0,"417":0,"418":0,"420":0,"421":0,"422":0,"423":0,"424":0,"425":0,"427":0},"branchMap":{"0":{"type":"branch","line":1,"loc":{"start":{"line":1,"column":14200},"end":{"line":428,"column":1}},"locations":[{"start":{"line":1,"column":14200},"end":{"line":428,"column":1}}]}},"b":{"0":[1]},"fnMap":{"0":{"name":"(empty-report)","decl":{"start":{"line":1,"column":14200},"end":{"line":428,"column":1}},"loc":{"start":{"line":1,"column":14200},"end":{"line":428,"column":1}},"line":1}},"f":{"0":1}}
,"C:\\Users\\mmart\\projects\\playwright-god\\desktop\\src\\state\\output.ts": {"path":"C:\\Users\\mmart\\projects\\playwright-god\\desktop\\src\\state\\output.ts","all":false,"statementMap":{"0":{"start":{"line":1,"column":0},"end":{"line":1,"column":33}},"17":{"start":{"line":18,"column":0},"end":{"line":18,"column":15}},"19":{"start":{"line":20,"column":0},"end":{"line":20,"column":25}},"21":{"start":{"line":22,"column":0},"end":{"line":22,"column":61}},"22":{"start":{"line":23,"column":0},"end":{"line":23,"column":12}},"23":{"start":{"line":24,"column":0},"end":{"line":24,"column":27}},"24":{"start":{"line":25,"column":0},"end":{"line":25,"column":16}},"25":{"start":{"line":26,"column":0},"end":{"line":26,"column":32}},"26":{"start":{"line":27,"column":0},"end":{"line":27,"column":21}},"27":{"start":{"line":28,"column":0},"end":{"line":28,"column":37}},"28":{"start":{"line":29,"column":0},"end":{"line":29,"column":15}},"29":{"start":{"line":30,"column":0},"end":{"line":30,"column":13}},"30":{"start":{"line":31,"column":0},"end":{"line":31,"column":8}},"31":{"start":{"line":32,"column":0},"end":{"line":32,"column":46}},"32":{"start":{"line":33,"column":0},"end":{"line":33,"column":66}},"33":{"start":{"line":34,"column":0},"end":{"line":34,"column":29}},"34":{"start":{"line":35,"column":0},"end":{"line":35,"column":29}},"35":{"start":{"line":36,"column":0},"end":{"line":36,"column":7}},"36":{"start":{"line":37,"column":0},"end":{"line":37,"column":34}},"37":{"start":{"line":38,"column":0},"end":{"line":38,"column":4}}},"s":{"0":1,"17":1,"19":1,"21":1,"22":2,"23":2,"24":13,"25":13,"26":13,"27":13,"28":13,"29":13,"30":13,"31":13,"32":0,"33":13,"34":13,"35":13,"36":2,"37":1},"branchMap":{"0":{"type":"branch","line":22,"loc":{"start":{"line":22,"column":50},"end":{"line":38,"column":2}},"locations":[{"start":{"line":22,"column":50},"end":{"line":38,"column":2}}]},"1":{"type":"branch","line":24,"loc":{"start":{"line":24,"column":10},"end":{"line":36,"column":7}},"locations":[{"start":{"line":24,"column":10},"end":{"line":36,"column":7}}]},"2":{"type":"branch","line":25,"loc":{"start":{"line":25,"column":8},"end":{"line":36,"column":5}},"locations":[{"start":{"line":25,"column":8},"end":{"line":36,"column":5}}]},"3":{"type":"branch","line":32,"loc":{"start":{"line":32,"column":37},"end":{"line":33,"column":66}},"locations":[{"start":{"line":32,"column":37},"end":{"line":33,"column":66}}]}},"b":{"0":[2],"1":[13],"2":[13],"3":[0]},"fnMap":{"0":{"name":"append","decl":{"start":{"line":24,"column":10},"end":{"line":36,"column":7}},"loc":{"start":{"line":24,"column":10},"end":{"line":36,"column":7}},"line":24},"1":{"name":"clear","decl":{"start":{"line":37,"column":9},"end":{"line":37,"column":34}},"loc":{"start":{"line":37,"column":9},"end":{"line":37,"column":34}},"line":37}},"f":{"0":13,"1":0}}
,"C:\\Users\\mmart\\projects\\playwright-god\\desktop\\src\\state\\pipeline.ts": {"path":"C:\\Users\\mmart\\projects\\playwright-god\\desktop\\src\\state\\pipeline.ts","all":false,"statementMap":{"3":{"start":{"line":4,"column":0},"end":{"line":4,"column":33}},"4":{"start":{"line":5,"column":0},"end":{"line":5,"column":87}},"29":{"start":{"line":30,"column":0},"end":{"line":30,"column":17}},"30":{"start":{"line":31,"column":0},"end":{"line":31,"column":35}},"31":{"start":{"line":32,"column":0},"end":{"line":32,"column":14}},"32":{"start":{"line":33,"column":0},"end":{"line":33,"column":20}},"33":{"start":{"line":34,"column":0},"end":{"line":34,"column":20}},"34":{"start":{"line":35,"column":0},"end":{"line":35,"column":36}},"35":{"start":{"line":36,"column":0},"end":{"line":36,"column":18}},"36":{"start":{"line":37,"column":0},"end":{"line":37,"column":18}},"37":{"start":{"line":38,"column":0},"end":{"line":38,"column":19}},"38":{"start":{"line":39,"column":0},"end":{"line":39,"column":21}},"39":{"start":{"line":40,"column":0},"end":{"line":40,"column":2}},"41":{"start":{"line":42,"column":0},"end":{"line":42,"column":65}},"42":{"start":{"line":43,"column":0},"end":{"line":43,"column":13}},"44":{"start":{"line":45,"column":0},"end":{"line":45,"column":26}},"45":{"start":{"line":46,"column":0},"end":{"line":46,"column":9}},"46":{"start":{"line":47,"column":0},"end":{"line":47,"column":17}},"47":{"start":{"line":48,"column":0},"end":{"line":48,"column":24}},"48":{"start":{"line":49,"column":0},"end":{"line":49,"column":12}},"49":{"start":{"line":50,"column":0},"end":{"line":50,"column":31}},"50":{"start":{"line":51,"column":0},"end":{"line":51,"column":28}},"51":{"start":{"line":52,"column":0},"end":{"line":52,"column":7}},"53":{"start":{"line":54,"column":0},"end":{"line":54,"column":19}},"54":{"start":{"line":55,"column":0},"end":{"line":55,"column":16}},"55":{"start":{"line":56,"column":0},"end":{"line":56,"column":27}},"56":{"start":{"line":57,"column":0},"end":{"line":57,"column":27}},"57":{"start":{"line":58,"column":0},"end":{"line":58,"column":18}},"58":{"start":{"line":59,"column":0},"end":{"line":59,"column":23}},"59":{"start":{"line":60,"column":0},"end":{"line":60,"column":30}},"60":{"start":{"line":61,"column":0},"end":{"line":61,"column":32}},"61":{"start":{"line":62,"column":0},"end":{"line":62,"column":43}},"62":{"start":{"line":63,"column":0},"end":{"line":63,"column":34}},"63":{"start":{"line":64,"column":0},"end":{"line":64,"column":12}},"64":{"start":{"line":65,"column":0},"end":{"line":65,"column":23}},"65":{"start":{"line":66,"column":0},"end":{"line":66,"column":62}},"66":{"start":{"line":67,"column":0},"end":{"line":67,"column":24}},"67":{"start":{"line":68,"column":0},"end":{"line":68,"column":45}},"68":{"start":{"line":69,"column":0},"end":{"line":69,"column":46}},"69":{"start":{"line":70,"column":0},"end":{"line":70,"column":17}},"70":{"start":{"line":71,"column":0},"end":{"line":71,"column":24}},"71":{"start":{"line":72,"column":0},"end":{"line":72,"column":18}},"72":{"start":{"line":73,"column":0},"end":{"line":73,"column":30}},"73":{"start":{"line":74,"column":0},"end":{"line":74,"column":49}},"74":{"start":{"line":75,"column":0},"end":{"line":75,"column":28}},"75":{"start":{"line":76,"column":0},"end":{"line":76,"column":12}},"76":{"start":{"line":77,"column":0},"end":{"line":77,"column":28}},"77":{"start":{"line":78,"column":0},"end":{"line":78,"column":18}},"78":{"start":{"line":79,"column":0},"end":{"line":79,"column":50}},"79":{"start":{"line":80,"column":0},"end":{"line":80,"column":30}},"80":{"start":{"line":81,"column":0},"end":{"line":81,"column":28}},"81":{"start":{"line":82,"column":0},"end":{"line":82,"column":35}},"82":{"start":{"line":83,"column":0},"end":{"line":83,"column":12}},"83":{"start":{"line":84,"column":0},"end":{"line":84,"column":25}},"84":{"start":{"line":85,"column":0},"end":{"line":85,"column":18}},"85":{"start":{"line":86,"column":0},"end":{"line":86,"column":50}},"86":{"start":{"line":87,"column":0},"end":{"line":87,"column":30}},"87":{"start":{"line":88,"column":0},"end":{"line":88,"column":35}},"88":{"start":{"line":89,"column":0},"end":{"line":89,"column":12}},"89":{"start":{"line":90,"column":0},"end":{"line":90,"column":22}},"90":{"start":{"line":91,"column":0},"end":{"line":91,"column":18}},"91":{"start":{"line":92,"column":0},"end":{"line":92,"column":47}},"92":{"start":{"line":93,"column":0},"end":{"line":93,"column":36}},"93":{"start":{"line":94,"column":0},"end":{"line":94,"column":40}},"94":{"start":{"line":95,"column":0},"end":{"line":95,"column":35}},"95":{"start":{"line":96,"column":0},"end":{"line":96,"column":12}},"96":{"start":{"line":97,"column":0},"end":{"line":97,"column":16}},"97":{"start":{"line":98,"column":0},"end":{"line":98,"column":20}},"98":{"start":{"line":99,"column":0},"end":{"line":99,"column":7}},"99":{"start":{"line":100,"column":0},"end":{"line":100,"column":7}},"101":{"start":{"line":102,"column":0},"end":{"line":102,"column":35}},"102":{"start":{"line":103,"column":0},"end":{"line":103,"column":4}},"104":{"start":{"line":105,"column":0},"end":{"line":105,"column":36}},"108":{"start":{"line":109,"column":0},"end":{"line":109,"column":12}},"109":{"start":{"line":110,"column":0},"end":{"line":110,"column":34}},"110":{"start":{"line":111,"column":0},"end":{"line":111,"column":47}},"111":{"start":{"line":112,"column":0},"end":{"line":112,"column":48}},"112":{"start":{"line":113,"column":0},"end":{"line":113,"column":37}},"113":{"start":{"line":114,"column":0},"end":{"line":114,"column":1}}},"s":{"3":1,"4":1,"29":1,"30":1,"31":1,"32":1,"33":1,"34":1,"35":1,"36":1,"37":1,"38":1,"39":1,"41":1,"42":5,"44":5,"45":1,"46":1,"47":1,"48":1,"49":1,"50":1,"51":1,"53":5,"54":20,"55":20,"56":20,"57":4,"58":4,"59":4,"60":4,"61":4,"62":4,"63":4,"64":20,"65":4,"66":20,"67":2,"68":1,"69":1,"70":20,"71":2,"72":2,"73":2,"74":2,"75":2,"76":20,"77":2,"78":2,"79":2,"80":2,"81":2,"82":2,"83":20,"84":2,"85":2,"86":2,"87":2,"88":2,"89":20,"90":2,"91":2,"92":2,"93":2,"94":2,"95":2,"96":20,"97":2,"98":20,"99":20,"101":5,"102":1,"104":1,"108":20,"109":20,"110":19,"111":19,"112":19,"113":19},"branchMap":{"0":{"type":"branch","line":42,"loc":{"start":{"line":42,"column":54},"end":{"line":103,"column":2}},"locations":[{"start":{"line":42,"column":54},"end":{"line":103,"column":2}}]},"1":{"type":"branch","line":45,"loc":{"start":{"line":45,"column":9},"end":{"line":52,"column":7}},"locations":[{"start":{"line":45,"column":9},"end":{"line":52,"column":7}}]},"2":{"type":"branch","line":54,"loc":{"start":{"line":54,"column":9},"end":{"line":100,"column":7}},"locations":[{"start":{"line":54,"column":9},"end":{"line":100,"column":7}}]},"3":{"type":"branch","line":55,"loc":{"start":{"line":55,"column":8},"end":{"line":100,"column":5}},"locations":[{"start":{"line":55,"column":8},"end":{"line":100,"column":5}}]},"4":{"type":"branch","line":57,"loc":{"start":{"line":57,"column":8},"end":{"line":64,"column":12}},"locations":[{"start":{"line":57,"column":8},"end":{"line":64,"column":12}}]},"5":{"type":"branch","line":65,"loc":{"start":{"line":65,"column":8},"end":{"line":66,"column":62}},"locations":[{"start":{"line":65,"column":8},"end":{"line":66,"column":62}}]},"6":{"type":"branch","line":67,"loc":{"start":{"line":67,"column":8},"end":{"line":70,"column":17}},"locations":[{"start":{"line":67,"column":8},"end":{"line":70,"column":17}}]},"7":{"type":"branch","line":68,"loc":{"start":{"line":68,"column":34},"end":{"line":69,"column":46}},"locations":[{"start":{"line":68,"column":34},"end":{"line":69,"column":46}}]},"8":{"type":"branch","line":69,"loc":{"start":{"line":69,"column":45},"end":{"line":70,"column":17}},"locations":[{"start":{"line":69,"column":45},"end":{"line":70,"column":17}}]},"9":{"type":"branch","line":71,"loc":{"start":{"line":71,"column":8},"end":{"line":76,"column":12}},"locations":[{"start":{"line":71,"column":8},"end":{"line":76,"column":12}}]},"10":{"type":"branch","line":77,"loc":{"start":{"line":77,"column":8},"end":{"line":83,"column":12}},"locations":[{"start":{"line":77,"column":8},"end":{"line":83,"column":12}}]},"11":{"type":"branch","line":84,"loc":{"start":{"line":84,"column":8},"end":{"line":89,"column":12}},"locations":[{"start":{"line":84,"column":8},"end":{"line":89,"column":12}}]},"12":{"type":"branch","line":90,"loc":{"start":{"line":90,"column":8},"end":{"line":96,"column":12}},"locations":[{"start":{"line":90,"column":8},"end":{"line":96,"column":12}}]},"13":{"type":"branch","line":97,"loc":{"start":{"line":97,"column":8},"end":{"line":98,"column":20}},"locations":[{"start":{"line":97,"column":8},"end":{"line":98,"column":20}}]},"14":{"type":"branch","line":102,"loc":{"start":{"line":102,"column":9},"end":{"line":102,"column":35}},"locations":[{"start":{"line":102,"column":9},"end":{"line":102,"column":35}}]},"15":{"type":"branch","line":105,"loc":{"start":{"line":105,"column":7},"end":{"line":114,"column":1}},"locations":[{"start":{"line":105,"column":7},"end":{"line":114,"column":1}}]},"16":{"type":"branch","line":110,"loc":{"start":{"line":110,"column":25},"end":{"line":114,"column":1}},"locations":[{"start":{"line":110,"column":25},"end":{"line":114,"column":1}}]},"17":{"type":"branch","line":110,"loc":{"start":{"line":110,"column":25},"end":{"line":110,"column":34}},"locations":[{"start":{"line":110,"column":25},"end":{"line":110,"column":34}}]}},"b":{"0":[5],"1":[1],"2":[20],"3":[20],"4":[4],"5":[4],"6":[2],"7":[1],"8":[1],"9":[2],"10":[2],"11":[2],"12":[2],"13":[2],"14":[29],"15":[20],"16":[19],"17":[1]},"fnMap":{"0":{"name":"begin","decl":{"start":{"line":45,"column":9},"end":{"line":52,"column":7}},"loc":{"start":{"line":45,"column":9},"end":{"line":52,"column":7}},"line":45},"1":{"name":"apply","decl":{"start":{"line":54,"column":9},"end":{"line":100,"column":7}},"loc":{"start":{"line":54,"column":9},"end":{"line":100,"column":7}},"line":54},"2":{"name":"reset","decl":{"start":{"line":102,"column":9},"end":{"line":102,"column":35}},"loc":{"start":{"line":102,"column":9},"end":{"line":102,"column":35}},"line":102},"3":{"name":"computeProgress","decl":{"start":{"line":105,"column":7},"end":{"line":114,"column":1}},"loc":{"start":{"line":105,"column":7},"end":{"line":114,"column":1}},"line":105}},"f":{"0":1,"1":20,"2":29,"3":20}}
,"C:\\Users\\mmart\\projects\\playwright-god\\desktop\\src\\state\\ui.ts": {"path":"C:\\Users\\mmart\\projects\\playwright-god\\desktop\\src\\state\\ui.ts","all":false,"statementMap":{"0":{"start":{"line":1,"column":0},"end":{"line":1,"column":33}},"42":{"start":{"line":43,"column":0},"end":{"line":43,"column":53}},"43":{"start":{"line":44,"column":0},"end":{"line":44,"column":30}},"44":{"start":{"line":45,"column":0},"end":{"line":45,"column":55}},"46":{"start":{"line":47,"column":0},"end":{"line":47,"column":29}},"47":{"start":{"line":48,"column":0},"end":{"line":48,"column":25}},"48":{"start":{"line":49,"column":0},"end":{"line":49,"column":66}},"49":{"start":{"line":50,"column":0},"end":{"line":50,"column":40}},"50":{"start":{"line":51,"column":0},"end":{"line":51,"column":44}},"52":{"start":{"line":53,"column":0},"end":{"line":53,"column":19}},"53":{"start":{"line":54,"column":0},"end":{"line":54,"column":53}},"55":{"start":{"line":56,"column":0},"end":{"line":56,"column":18}},"56":{"start":{"line":57,"column":0},"end":{"line":57,"column":57}},"58":{"start":{"line":59,"column":0},"end":{"line":59,"column":22}},"59":{"start":{"line":60,"column":0},"end":{"line":60,"column":29}},"60":{"start":{"line":61,"column":0},"end":{"line":61,"column":63}},"62":{"start":{"line":63,"column":0},"end":{"line":63,"column":23}},"63":{"start":{"line":64,"column":0},"end":{"line":64,"column":69}},"64":{"start":{"line":65,"column":0},"end":{"line":65,"column":4}}},"s":{"0":1,"42":1,"43":6,"44":6,"46":6,"47":6,"48":0,"49":6,"50":0,"52":6,"53":6,"55":6,"56":6,"58":6,"59":6,"60":3,"62":6,"63":6,"64":1},"branchMap":{"0":{"type":"branch","line":43,"loc":{"start":{"line":43,"column":42},"end":{"line":65,"column":2}},"locations":[{"start":{"line":43,"column":42},"end":{"line":65,"column":2}}]},"1":{"type":"branch","line":45,"loc":{"start":{"line":45,"column":20},"end":{"line":45,"column":55}},"locations":[{"start":{"line":45,"column":20},"end":{"line":45,"column":55}}]},"2":{"type":"branch","line":54,"loc":{"start":{"line":54,"column":17},"end":{"line":54,"column":53}},"locations":[{"start":{"line":54,"column":17},"end":{"line":54,"column":53}}]},"3":{"type":"branch","line":57,"loc":{"start":{"line":57,"column":18},"end":{"line":57,"column":57}},"locations":[{"start":{"line":57,"column":18},"end":{"line":57,"column":57}}]},"4":{"type":"branch","line":60,"loc":{"start":{"line":60,"column":24},"end":{"line":61,"column":63}},"locations":[{"start":{"line":60,"column":24},"end":{"line":61,"column":63}}]},"5":{"type":"branch","line":61,"loc":{"start":{"line":61,"column":8},"end":{"line":61,"column":61}},"locations":[{"start":{"line":61,"column":8},"end":{"line":61,"column":61}}]},"6":{"type":"branch","line":64,"loc":{"start":{"line":64,"column":23},"end":{"line":64,"column":69}},"locations":[{"start":{"line":64,"column":23},"end":{"line":64,"column":69}}]}},"b":{"0":[6],"1":[1],"2":[2],"3":[1],"4":[3],"5":[3],"6":[4]},"fnMap":{"0":{"name":"setActiveSection","decl":{"start":{"line":45,"column":20},"end":{"line":45,"column":55}},"loc":{"start":{"line":45,"column":20},"end":{"line":45,"column":55}},"line":45},"1":{"name":"toggleOutputPane","decl":{"start":{"line":48,"column":20},"end":{"line":49,"column":66}},"loc":{"start":{"line":48,"column":20},"end":{"line":49,"column":66}},"line":48},"2":{"name":"setOutputPaneCollapsed","decl":{"start":{"line":50,"column":26},"end":{"line":51,"column":44}},"loc":{"start":{"line":50,"column":26},"end":{"line":51,"column":44}},"line":50},"3":{"name":"setActiveRepo","decl":{"start":{"line":54,"column":17},"end":{"line":54,"column":53}},"loc":{"start":{"line":54,"column":17},"end":{"line":54,"column":53}},"line":54},"4":{"name":"setRecentRepos","decl":{"start":{"line":57,"column":18},"end":{"line":57,"column":57}},"loc":{"start":{"line":57,"column":18},"end":{"line":57,"column":57}},"line":57},"5":{"name":"bumpArtifactsVersion","decl":{"start":{"line":60,"column":24},"end":{"line":61,"column":63}},"loc":{"start":{"line":60,"column":24},"end":{"line":61,"column":63}},"line":60},"6":{"name":"setGenerationPrompt","decl":{"start":{"line":64,"column":23},"end":{"line":64,"column":69}},"loc":{"start":{"line":64,"column":23},"end":{"line":64,"column":69}},"line":64}},"f":{"0":1,"1":0,"2":0,"3":2,"4":1,"5":3,"6":4}}
}
